[2.702s] DEBUG:colcon:Command line arguments: ['/usr/bin/colcon', 'build']
[2.703s] DEBUG:colcon:Parsed command line arguments: Namespace(log_base=None, log_level=None, verb_name='build', build_base='build', install_base='install', merge_install=False, symlink_install=False, test_result_base=None, continue_on_error=False, executor='parallel', parallel_workers=12, event_handlers=None, ignore_user_meta=False, metas=['./colcon.meta'], base_paths=['.'], packages_ignore=None, packages_ignore_regex=None, paths=None, packages_up_to=None, packages_up_to_regex=None, packages_above=None, packages_above_and_dependencies=None, packages_above_depth=None, packages_select_by_dep=None, packages_skip_by_dep=None, packages_skip_up_to=None, packages_select_build_failed=False, packages_skip_build_finished=False, packages_select_test_failures=False, packages_skip_test_passed=False, packages_select=None, packages_skip=None, packages_select_regex=None, packages_skip_regex=None, packages_start=None, packages_end=None, allow_overriding=[], cmake_args=None, cmake_target=None, cmake_target_skip_unavailable=False, cmake_clean_cache=False, cmake_clean_first=False, cmake_force_configure=False, ament_cmake_args=None, catkin_cmake_args=None, catkin_skip_building_tests=False, verb_parser=<colcon_defaults.argument_parser.defaults.DefaultArgumentsDecorator object at 0x7f96d0ba2650>, verb_extension=<colcon_core.verb.build.BuildVerb object at 0x7f96d0d1fb20>, main=<bound method BuildVerb.main of <colcon_core.verb.build.BuildVerb object at 0x7f96d0d1fb20>>)
[4.417s] Level 1:colcon.colcon_core.package_discovery:discover_packages(colcon_meta) check parameters
[4.418s] Level 1:colcon.colcon_core.package_discovery:discover_packages(recursive) check parameters
[4.419s] Level 1:colcon.colcon_core.package_discovery:discover_packages(ignore) check parameters
[4.419s] Level 1:colcon.colcon_core.package_discovery:discover_packages(path) check parameters
[4.420s] Level 1:colcon.colcon_core.package_discovery:discover_packages(colcon_meta) discover
[4.421s] Level 1:colcon.colcon_core.package_discovery:discover_packages(recursive) discover
[4.421s] INFO:colcon.colcon_core.package_discovery:Crawling recursively for packages in '/mnt/c/Users/mojtaba.peyrovi_urla/personal_projects/ROS2-codealong'
[4.426s] Level 1:colcon.colcon_core.package_identification:_identify(.) by extensions ['ignore', 'ignore_ament_install']
[4.428s] Level 1:colcon.colcon_core.package_identification:_identify(.) by extension 'ignore'
[4.429s] Level 1:colcon.colcon_core.package_identification:_identify(.) by extension 'ignore_ament_install'
[4.431s] Level 1:colcon.colcon_core.package_identification:_identify(.) by extensions ['colcon_pkg']
[4.431s] Level 1:colcon.colcon_core.package_identification:_identify(.) by extension 'colcon_pkg'
[4.432s] Level 1:colcon.colcon_core.package_identification:_identify(.) by extensions ['colcon_meta']
[4.433s] Level 1:colcon.colcon_core.package_identification:_identify(.) by extension 'colcon_meta'
[4.433s] Level 1:colcon.colcon_core.package_identification:_identify(.) by extensions ['ros']
[4.434s] Level 1:colcon.colcon_core.package_identification:_identify(.) by extension 'ros'
[4.639s] Level 1:colcon.colcon_core.package_identification:_identify(.) by extensions ['cmake', 'python']
[4.639s] Level 1:colcon.colcon_core.package_identification:_identify(.) by extension 'cmake'
[4.641s] Level 1:colcon.colcon_core.package_identification:_identify(.) by extension 'python'
[4.642s] Level 1:colcon.colcon_core.package_identification:_identify(.) by extensions ['python_setup_py']
[4.642s] Level 1:colcon.colcon_core.package_identification:_identify(.) by extension 'python_setup_py'
[4.651s] Level 1:colcon.colcon_core.package_identification:_identify(build) by extensions ['ignore', 'ignore_ament_install']
[4.652s] Level 1:colcon.colcon_core.package_identification:_identify(build) by extension 'ignore'
[4.659s] Level 1:colcon.colcon_core.package_identification:_identify(build) ignored
[4.667s] Level 1:colcon.colcon_core.package_identification:_identify(install) by extensions ['ignore', 'ignore_ament_install']
[4.668s] Level 1:colcon.colcon_core.package_identification:_identify(install) by extension 'ignore'
[4.673s] Level 1:colcon.colcon_core.package_identification:_identify(install) ignored
[4.685s] Level 1:colcon.colcon_core.package_identification:_identify(log) by extensions ['ignore', 'ignore_ament_install']
[4.686s] Level 1:colcon.colcon_core.package_identification:_identify(log) by extension 'ignore'
[4.689s] Level 1:colcon.colcon_core.package_identification:_identify(log) ignored
[4.696s] Level 1:colcon.colcon_core.package_identification:_identify(ros2_ws) by extensions ['ignore', 'ignore_ament_install']
[4.697s] Level 1:colcon.colcon_core.package_identification:_identify(ros2_ws) by extension 'ignore'
[4.699s] Level 1:colcon.colcon_core.package_identification:_identify(ros2_ws) by extension 'ignore_ament_install'
[4.704s] Level 1:colcon.colcon_core.package_identification:_identify(ros2_ws) by extensions ['colcon_pkg']
[4.704s] Level 1:colcon.colcon_core.package_identification:_identify(ros2_ws) by extension 'colcon_pkg'
[4.707s] Level 1:colcon.colcon_core.package_identification:_identify(ros2_ws) by extensions ['colcon_meta']
[4.707s] Level 1:colcon.colcon_core.package_identification:_identify(ros2_ws) by extension 'colcon_meta'
[4.710s] Level 1:colcon.colcon_core.package_identification:_identify(ros2_ws) by extensions ['ros']
[4.711s] Level 1:colcon.colcon_core.package_identification:_identify(ros2_ws) by extension 'ros'
[4.722s] Level 1:colcon.colcon_core.package_identification:_identify(ros2_ws) by extensions ['cmake', 'python']
[4.723s] Level 1:colcon.colcon_core.package_identification:_identify(ros2_ws) by extension 'cmake'
[4.725s] Level 1:colcon.colcon_core.package_identification:_identify(ros2_ws) by extension 'python'
[4.728s] Level 1:colcon.colcon_core.package_identification:_identify(ros2_ws) by extensions ['python_setup_py']
[4.728s] Level 1:colcon.colcon_core.package_identification:_identify(ros2_ws) by extension 'python_setup_py'
[4.745s] Level 1:colcon.colcon_core.package_identification:_identify(ros2_ws/build) by extensions ['ignore', 'ignore_ament_install']
[4.745s] Level 1:colcon.colcon_core.package_identification:_identify(ros2_ws/build) by extension 'ignore'
[4.751s] Level 1:colcon.colcon_core.package_identification:_identify(ros2_ws/build) ignored
[4.766s] Level 1:colcon.colcon_core.package_identification:_identify(ros2_ws/install) by extensions ['ignore', 'ignore_ament_install']
[4.767s] Level 1:colcon.colcon_core.package_identification:_identify(ros2_ws/install) by extension 'ignore'
[4.777s] Level 1:colcon.colcon_core.package_identification:_identify(ros2_ws/install) ignored
[4.811s] Level 1:colcon.colcon_core.package_identification:_identify(ros2_ws/log) by extensions ['ignore', 'ignore_ament_install']
[4.812s] Level 1:colcon.colcon_core.package_identification:_identify(ros2_ws/log) by extension 'ignore'
[4.818s] Level 1:colcon.colcon_core.package_identification:_identify(ros2_ws/log) ignored
[4.829s] Level 1:colcon.colcon_core.package_identification:_identify(ros2_ws/src) by extensions ['ignore', 'ignore_ament_install']
[4.830s] Level 1:colcon.colcon_core.package_identification:_identify(ros2_ws/src) by extension 'ignore'
[4.834s] Level 1:colcon.colcon_core.package_identification:_identify(ros2_ws/src) by extension 'ignore_ament_install'
[4.842s] Level 1:colcon.colcon_core.package_identification:_identify(ros2_ws/src) by extensions ['colcon_pkg']
[4.843s] Level 1:colcon.colcon_core.package_identification:_identify(ros2_ws/src) by extension 'colcon_pkg'
[4.847s] Level 1:colcon.colcon_core.package_identification:_identify(ros2_ws/src) by extensions ['colcon_meta']
[4.847s] Level 1:colcon.colcon_core.package_identification:_identify(ros2_ws/src) by extension 'colcon_meta'
[4.853s] Level 1:colcon.colcon_core.package_identification:_identify(ros2_ws/src) by extensions ['ros']
[4.854s] Level 1:colcon.colcon_core.package_identification:_identify(ros2_ws/src) by extension 'ros'
[4.872s] Level 1:colcon.colcon_core.package_identification:_identify(ros2_ws/src) by extensions ['cmake', 'python']
[4.873s] Level 1:colcon.colcon_core.package_identification:_identify(ros2_ws/src) by extension 'cmake'
[4.877s] Level 1:colcon.colcon_core.package_identification:_identify(ros2_ws/src) by extension 'python'
[4.881s] Level 1:colcon.colcon_core.package_identification:_identify(ros2_ws/src) by extensions ['python_setup_py']
[4.882s] Level 1:colcon.colcon_core.package_identification:_identify(ros2_ws/src) by extension 'python_setup_py'
[4.902s] Level 1:colcon.colcon_core.package_identification:_identify(ros2_ws/src/my_robot_controller) by extensions ['ignore', 'ignore_ament_install']
[4.903s] Level 1:colcon.colcon_core.package_identification:_identify(ros2_ws/src/my_robot_controller) by extension 'ignore'
[4.909s] Level 1:colcon.colcon_core.package_identification:_identify(ros2_ws/src/my_robot_controller) by extension 'ignore_ament_install'
[4.920s] Level 1:colcon.colcon_core.package_identification:_identify(ros2_ws/src/my_robot_controller) by extensions ['colcon_pkg']
[4.921s] Level 1:colcon.colcon_core.package_identification:_identify(ros2_ws/src/my_robot_controller) by extension 'colcon_pkg'
[4.928s] Level 1:colcon.colcon_core.package_identification:_identify(ros2_ws/src/my_robot_controller) by extensions ['colcon_meta']
[4.929s] Level 1:colcon.colcon_core.package_identification:_identify(ros2_ws/src/my_robot_controller) by extension 'colcon_meta'
[4.939s] Level 1:colcon.colcon_core.package_identification:_identify(ros2_ws/src/my_robot_controller) by extensions ['ros']
[4.939s] Level 1:colcon.colcon_core.package_identification:_identify(ros2_ws/src/my_robot_controller) by extension 'ros'
[5.023s] DEBUG:colcon.colcon_core.package_identification:Package 'ros2_ws/src/my_robot_controller' with type 'ros.ament_python' and name 'my_robot_controller'
[5.024s] Level 1:colcon.colcon_core.package_discovery:discover_packages(recursive) using defaults
[5.025s] Level 1:colcon.colcon_core.package_discovery:discover_packages(ignore) discover
[5.026s] Level 1:colcon.colcon_core.package_discovery:discover_packages(ignore) using defaults
[5.026s] Level 1:colcon.colcon_core.package_discovery:discover_packages(path) discover
[5.027s] Level 1:colcon.colcon_core.package_discovery:discover_packages(path) using defaults
[5.380s] Level 1:colcon.colcon_core.package_discovery:discover_packages(prefix_path) check parameters
[5.380s] Level 1:colcon.colcon_core.package_discovery:discover_packages(prefix_path) discover
[5.523s] DEBUG:colcon.colcon_installed_package_information.package_discovery:Found 1 installed packages in /mnt/c/Users/mojtaba.peyrovi_urla/personal_projects/ROS2-codealong/ros2_ws/install
[5.532s] DEBUG:colcon.colcon_installed_package_information.package_discovery:Found 271 installed packages in /opt/ros/humble
[5.542s] Level 1:colcon.colcon_core.package_discovery:discover_packages(prefix_path) using defaults
[6.055s] Level 5:colcon.colcon_core.verb:set package 'my_robot_controller' build argument 'cmake_args' from command line to 'None'
[6.056s] Level 5:colcon.colcon_core.verb:set package 'my_robot_controller' build argument 'cmake_target' from command line to 'None'
[6.056s] Level 5:colcon.colcon_core.verb:set package 'my_robot_controller' build argument 'cmake_target_skip_unavailable' from command line to 'False'
[6.057s] Level 5:colcon.colcon_core.verb:set package 'my_robot_controller' build argument 'cmake_clean_cache' from command line to 'False'
[6.058s] Level 5:colcon.colcon_core.verb:set package 'my_robot_controller' build argument 'cmake_clean_first' from command line to 'False'
[6.058s] Level 5:colcon.colcon_core.verb:set package 'my_robot_controller' build argument 'cmake_force_configure' from command line to 'False'
[6.059s] Level 5:colcon.colcon_core.verb:set package 'my_robot_controller' build argument 'ament_cmake_args' from command line to 'None'
[6.059s] Level 5:colcon.colcon_core.verb:set package 'my_robot_controller' build argument 'catkin_cmake_args' from command line to 'None'
[6.060s] Level 5:colcon.colcon_core.verb:set package 'my_robot_controller' build argument 'catkin_skip_building_tests' from command line to 'False'
[6.061s] DEBUG:colcon.colcon_core.verb:Building package 'my_robot_controller' with the following arguments: {'ament_cmake_args': None, 'build_base': '/mnt/c/Users/mojtaba.peyrovi_urla/personal_projects/ROS2-codealong/build/my_robot_controller', 'catkin_cmake_args': None, 'catkin_skip_building_tests': False, 'cmake_args': None, 'cmake_clean_cache': False, 'cmake_clean_first': False, 'cmake_force_configure': False, 'cmake_target': None, 'cmake_target_skip_unavailable': False, 'install_base': '/mnt/c/Users/mojtaba.peyrovi_urla/personal_projects/ROS2-codealong/install/my_robot_controller', 'merge_install': False, 'path': '/mnt/c/Users/mojtaba.peyrovi_urla/personal_projects/ROS2-codealong/ros2_ws/src/my_robot_controller', 'symlink_install': False, 'test_result_base': None}
[6.062s] INFO:colcon.colcon_core.executor:Executing jobs using 'parallel' executor
[6.069s] DEBUG:colcon.colcon_parallel_executor.executor.parallel:run_until_complete
[6.071s] INFO:colcon.colcon_ros.task.ament_python.build:Building ROS package in '/mnt/c/Users/mojtaba.peyrovi_urla/personal_projects/ROS2-codealong/ros2_ws/src/my_robot_controller' with build type 'ament_python'
[6.073s] Level 1:colcon.colcon_core.shell:create_environment_hook('my_robot_controller', 'ament_prefix_path')
[6.127s] INFO:colcon.colcon_core.plugin_system:Skipping extension 'colcon_core.shell.bat': Not used on non-Windows systems
[6.128s] INFO:colcon.colcon_core.shell:Creating environment hook '/mnt/c/Users/mojtaba.peyrovi_urla/personal_projects/ROS2-codealong/install/my_robot_controller/share/my_robot_controller/hook/ament_prefix_path.ps1'
[6.193s] INFO:colcon.colcon_core.shell:Creating environment descriptor '/mnt/c/Users/mojtaba.peyrovi_urla/personal_projects/ROS2-codealong/install/my_robot_controller/share/my_robot_controller/hook/ament_prefix_path.dsv'
[6.231s] INFO:colcon.colcon_core.shell:Creating environment hook '/mnt/c/Users/mojtaba.peyrovi_urla/personal_projects/ROS2-codealong/install/my_robot_controller/share/my_robot_controller/hook/ament_prefix_path.sh'
[6.271s] INFO:colcon.colcon_core.shell:Skip shell extension 'powershell' for command environment: Not usable outside of PowerShell
[6.272s] DEBUG:colcon.colcon_core.shell:Skip shell extension 'dsv' for command environment
[9.016s] INFO:colcon.colcon_core.task.python.build:Building Python package in '/mnt/c/Users/mojtaba.peyrovi_urla/personal_projects/ROS2-codealong/ros2_ws/src/my_robot_controller'
[9.018s] INFO:colcon.colcon_core.shell:Skip shell extension 'powershell' for command environment: Not usable outside of PowerShell
[9.018s] DEBUG:colcon.colcon_core.shell:Skip shell extension 'dsv' for command environment
[15.192s] DEBUG:colcon.colcon_core.event_handler.log_command:Invoking command in '/mnt/c/Users/mojtaba.peyrovi_urla/personal_projects/ROS2-codealong/ros2_ws/src/my_robot_controller': PYTHONPATH=/mnt/c/Users/mojtaba.peyrovi_urla/personal_projects/ROS2-codealong/build/my_robot_controller/prefix_override:/usr/lib/python3/dist-packages/colcon_core/task/python/colcon_distutils_commands:/mnt/c/Users/mojtaba.peyrovi_urla/personal_projects/ROS2-codealong/install/my_robot_controller/lib/python3.10/site-packages:${PYTHONPATH} /usr/bin/python3 -W ignore:setup.py install is deprecated -W ignore:easy_install command is deprecated setup.py egg_info --egg-base ../../../build/my_robot_controller build --build-base /mnt/c/Users/mojtaba.peyrovi_urla/personal_projects/ROS2-codealong/build/my_robot_controller/build install --record /mnt/c/Users/mojtaba.peyrovi_urla/personal_projects/ROS2-codealong/build/my_robot_controller/install.log --single-version-externally-managed install_data
[20.941s] DEBUG:colcon.colcon_core.event_handler.log_command:Invoked command in '/mnt/c/Users/mojtaba.peyrovi_urla/personal_projects/ROS2-codealong/ros2_ws/src/my_robot_controller' returned '0': PYTHONPATH=/mnt/c/Users/mojtaba.peyrovi_urla/personal_projects/ROS2-codealong/build/my_robot_controller/prefix_override:/usr/lib/python3/dist-packages/colcon_core/task/python/colcon_distutils_commands:/mnt/c/Users/mojtaba.peyrovi_urla/personal_projects/ROS2-codealong/install/my_robot_controller/lib/python3.10/site-packages:${PYTHONPATH} /usr/bin/python3 -W ignore:setup.py install is deprecated -W ignore:easy_install command is deprecated setup.py egg_info --egg-base ../../../build/my_robot_controller build --build-base /mnt/c/Users/mojtaba.peyrovi_urla/personal_projects/ROS2-codealong/build/my_robot_controller/build install --record /mnt/c/Users/mojtaba.peyrovi_urla/personal_projects/ROS2-codealong/build/my_robot_controller/install.log --single-version-externally-managed install_data
[20.983s] Level 1:colcon.colcon_core.environment:checking '/mnt/c/Users/mojtaba.peyrovi_urla/personal_projects/ROS2-codealong/install/my_robot_controller' for CMake module files
[21.101s] Level 1:colcon.colcon_core.environment:checking '/mnt/c/Users/mojtaba.peyrovi_urla/personal_projects/ROS2-codealong/install/my_robot_controller' for CMake config files
[21.338s] Level 1:colcon.colcon_core.environment:checking '/mnt/c/Users/mojtaba.peyrovi_urla/personal_projects/ROS2-codealong/install/my_robot_controller/lib'
[21.352s] Level 1:colcon.colcon_core.environment:checking '/mnt/c/Users/mojtaba.peyrovi_urla/personal_projects/ROS2-codealong/install/my_robot_controller/bin'
[21.356s] Level 1:colcon.colcon_core.environment:checking '/mnt/c/Users/mojtaba.peyrovi_urla/personal_projects/ROS2-codealong/install/my_robot_controller/lib/pkgconfig/my_robot_controller.pc'
[21.361s] Level 1:colcon.colcon_core.environment:checking '/mnt/c/Users/mojtaba.peyrovi_urla/personal_projects/ROS2-codealong/install/my_robot_controller/lib/python3.10/site-packages'
[21.369s] Level 1:colcon.colcon_core.shell:create_environment_hook('my_robot_controller', 'pythonpath')
[21.370s] INFO:colcon.colcon_core.shell:Creating environment hook '/mnt/c/Users/mojtaba.peyrovi_urla/personal_projects/ROS2-codealong/install/my_robot_controller/share/my_robot_controller/hook/pythonpath.ps1'
[21.409s] INFO:colcon.colcon_core.shell:Creating environment descriptor '/mnt/c/Users/mojtaba.peyrovi_urla/personal_projects/ROS2-codealong/install/my_robot_controller/share/my_robot_controller/hook/pythonpath.dsv'
[21.448s] INFO:colcon.colcon_core.shell:Creating environment hook '/mnt/c/Users/mojtaba.peyrovi_urla/personal_projects/ROS2-codealong/install/my_robot_controller/share/my_robot_controller/hook/pythonpath.sh'
[21.521s] Level 1:colcon.colcon_core.environment:checking '/mnt/c/Users/mojtaba.peyrovi_urla/personal_projects/ROS2-codealong/install/my_robot_controller/bin'
[21.528s] Level 1:colcon.colcon_core.environment:create_environment_scripts_only(my_robot_controller)
[21.531s] INFO:colcon.colcon_core.shell:Creating package script '/mnt/c/Users/mojtaba.peyrovi_urla/personal_projects/ROS2-codealong/install/my_robot_controller/share/my_robot_controller/package.ps1'
[21.577s] INFO:colcon.colcon_core.shell:Creating package descriptor '/mnt/c/Users/mojtaba.peyrovi_urla/personal_projects/ROS2-codealong/install/my_robot_controller/share/my_robot_controller/package.dsv'
[21.613s] INFO:colcon.colcon_core.shell:Creating package script '/mnt/c/Users/mojtaba.peyrovi_urla/personal_projects/ROS2-codealong/install/my_robot_controller/share/my_robot_controller/package.sh'
[21.650s] INFO:colcon.colcon_core.shell:Creating package script '/mnt/c/Users/mojtaba.peyrovi_urla/personal_projects/ROS2-codealong/install/my_robot_controller/share/my_robot_controller/package.bash'
[21.684s] INFO:colcon.colcon_core.shell:Creating package script '/mnt/c/Users/mojtaba.peyrovi_urla/personal_projects/ROS2-codealong/install/my_robot_controller/share/my_robot_controller/package.zsh'
[21.720s] Level 1:colcon.colcon_core.environment:create_file_with_runtime_dependencies(/mnt/c/Users/mojtaba.peyrovi_urla/personal_projects/ROS2-codealong/install/my_robot_controller/share/colcon-core/packages/my_robot_controller)
[21.753s] DEBUG:colcon.colcon_parallel_executor.executor.parallel:closing loop
[21.755s] DEBUG:colcon.colcon_parallel_executor.executor.parallel:loop closed
[21.756s] DEBUG:colcon.colcon_parallel_executor.executor.parallel:run_until_complete finished with '0'
[21.757s] DEBUG:colcon.colcon_core.event_reactor:joining thread
[22.009s] INFO:colcon.colcon_core.plugin_system:Skipping extension 'colcon_notification.desktop_notification.notify_send': Could not find 'notify-send'
[22.010s] INFO:colcon.colcon_core.plugin_system:Skipping extension 'colcon_notification.desktop_notification.terminal_notifier': Not used on non-Darwin systems
[22.011s] INFO:colcon.colcon_core.plugin_system:Skipping extension 'colcon_notification.desktop_notification.win32': Not used on non-Windows systems
[22.012s] INFO:colcon.colcon_notification.desktop_notification:Sending desktop notification using 'notify2'
[22.018s] DEBUG:colcon.colcon_notification.desktop_notification.notify2:Failed to initialize notify2: org.freedesktop.DBus.Error.FileNotFound: Failed to connect to socket /run/user/1000/bus: No such file or directory
[22.019s] DEBUG:colcon.colcon_core.event_reactor:joined thread
[22.020s] INFO:colcon.colcon_core.shell:Creating prefix script '/mnt/c/Users/mojtaba.peyrovi_urla/personal_projects/ROS2-codealong/install/local_setup.ps1'
[22.039s] INFO:colcon.colcon_core.shell:Creating prefix util module '/mnt/c/Users/mojtaba.peyrovi_urla/personal_projects/ROS2-codealong/install/_local_setup_util_ps1.py'
[22.060s] INFO:colcon.colcon_core.shell:Creating prefix chain script '/mnt/c/Users/mojtaba.peyrovi_urla/personal_projects/ROS2-codealong/install/setup.ps1'
[22.118s] INFO:colcon.colcon_core.shell:Creating prefix script '/mnt/c/Users/mojtaba.peyrovi_urla/personal_projects/ROS2-codealong/install/local_setup.sh'
[22.141s] INFO:colcon.colcon_core.shell:Creating prefix util module '/mnt/c/Users/mojtaba.peyrovi_urla/personal_projects/ROS2-codealong/install/_local_setup_util_sh.py'
[22.161s] INFO:colcon.colcon_core.shell:Creating prefix chain script '/mnt/c/Users/mojtaba.peyrovi_urla/personal_projects/ROS2-codealong/install/setup.sh'
[22.203s] INFO:colcon.colcon_core.shell:Creating prefix script '/mnt/c/Users/mojtaba.peyrovi_urla/personal_projects/ROS2-codealong/install/local_setup.bash'
[22.219s] INFO:colcon.colcon_core.shell:Creating prefix chain script '/mnt/c/Users/mojtaba.peyrovi_urla/personal_projects/ROS2-codealong/install/setup.bash'
[22.271s] INFO:colcon.colcon_core.shell:Creating prefix script '/mnt/c/Users/mojtaba.peyrovi_urla/personal_projects/ROS2-codealong/install/local_setup.zsh'
[22.295s] INFO:colcon.colcon_core.shell:Creating prefix chain script '/mnt/c/Users/mojtaba.peyrovi_urla/personal_projects/ROS2-codealong/install/setup.zsh'
