[1.433s] DEBUG:colcon:Command line arguments: ['/usr/bin/colcon', 'build']
[1.434s] DEBUG:colcon:Parsed command line arguments: Namespace(log_base=None, log_level=None, verb_name='build', build_base='build', install_base='install', merge_install=False, symlink_install=False, test_result_base=None, continue_on_error=False, executor='parallel', parallel_workers=12, event_handlers=None, ignore_user_meta=False, metas=['./colcon.meta'], base_paths=['.'], packages_ignore=None, packages_ignore_regex=None, paths=None, packages_up_to=None, packages_up_to_regex=None, packages_above=None, packages_above_and_dependencies=None, packages_above_depth=None, packages_select_by_dep=None, packages_skip_by_dep=None, packages_skip_up_to=None, packages_select_build_failed=False, packages_skip_build_finished=False, packages_select_test_failures=False, packages_skip_test_passed=False, packages_select=None, packages_skip=None, packages_select_regex=None, packages_skip_regex=None, packages_start=None, packages_end=None, allow_overriding=[], cmake_args=None, cmake_target=None, cmake_target_skip_unavailable=False, cmake_clean_cache=False, cmake_clean_first=False, cmake_force_configure=False, ament_cmake_args=None, catkin_cmake_args=None, catkin_skip_building_tests=False, verb_parser=<colcon_defaults.argument_parser.defaults.DefaultArgumentsDecorator object at 0x7fb602e26650>, verb_extension=<colcon_core.verb.build.BuildVerb object at 0x7fb602fa7b20>, main=<bound method BuildVerb.main of <colcon_core.verb.build.BuildVerb object at 0x7fb602fa7b20>>)
[2.817s] Level 1:colcon.colcon_core.package_discovery:discover_packages(colcon_meta) check parameters
[2.819s] Level 1:colcon.colcon_core.package_discovery:discover_packages(recursive) check parameters
[2.819s] Level 1:colcon.colcon_core.package_discovery:discover_packages(ignore) check parameters
[2.820s] Level 1:colcon.colcon_core.package_discovery:discover_packages(path) check parameters
[2.820s] Level 1:colcon.colcon_core.package_discovery:discover_packages(colcon_meta) discover
[2.821s] Level 1:colcon.colcon_core.package_discovery:discover_packages(recursive) discover
[2.821s] INFO:colcon.colcon_core.package_discovery:Crawling recursively for packages in '/mnt/c/Users/mojtaba.peyrovi_urla/personal_projects/ROS2-codealong'
[2.825s] Level 1:colcon.colcon_core.package_identification:_identify(.) by extensions ['ignore', 'ignore_ament_install']
[2.826s] Level 1:colcon.colcon_core.package_identification:_identify(.) by extension 'ignore'
[2.827s] Level 1:colcon.colcon_core.package_identification:_identify(.) by extension 'ignore_ament_install'
[2.829s] Level 1:colcon.colcon_core.package_identification:_identify(.) by extensions ['colcon_pkg']
[2.829s] Level 1:colcon.colcon_core.package_identification:_identify(.) by extension 'colcon_pkg'
[2.830s] Level 1:colcon.colcon_core.package_identification:_identify(.) by extensions ['colcon_meta']
[2.831s] Level 1:colcon.colcon_core.package_identification:_identify(.) by extension 'colcon_meta'
[2.832s] Level 1:colcon.colcon_core.package_identification:_identify(.) by extensions ['ros']
[2.832s] Level 1:colcon.colcon_core.package_identification:_identify(.) by extension 'ros'
[2.896s] Level 1:colcon.colcon_core.package_identification:_identify(.) by extensions ['cmake', 'python']
[2.897s] Level 1:colcon.colcon_core.package_identification:_identify(.) by extension 'cmake'
[2.898s] Level 1:colcon.colcon_core.package_identification:_identify(.) by extension 'python'
[2.900s] Level 1:colcon.colcon_core.package_identification:_identify(.) by extensions ['python_setup_py']
[2.902s] Level 1:colcon.colcon_core.package_identification:_identify(.) by extension 'python_setup_py'
[2.914s] Level 1:colcon.colcon_core.package_identification:_identify(build) by extensions ['ignore', 'ignore_ament_install']
[2.915s] Level 1:colcon.colcon_core.package_identification:_identify(build) by extension 'ignore'
[2.919s] Level 1:colcon.colcon_core.package_identification:_identify(build) ignored
[2.925s] Level 1:colcon.colcon_core.package_identification:_identify(install) by extensions ['ignore', 'ignore_ament_install']
[2.926s] Level 1:colcon.colcon_core.package_identification:_identify(install) by extension 'ignore'
[2.929s] Level 1:colcon.colcon_core.package_identification:_identify(install) ignored
[2.939s] Level 1:colcon.colcon_core.package_identification:_identify(log) by extensions ['ignore', 'ignore_ament_install']
[2.939s] Level 1:colcon.colcon_core.package_identification:_identify(log) by extension 'ignore'
[2.941s] Level 1:colcon.colcon_core.package_identification:_identify(log) ignored
[2.947s] Level 1:colcon.colcon_core.package_identification:_identify(ros2_ws) by extensions ['ignore', 'ignore_ament_install']
[2.947s] Level 1:colcon.colcon_core.package_identification:_identify(ros2_ws) by extension 'ignore'
[2.949s] Level 1:colcon.colcon_core.package_identification:_identify(ros2_ws) by extension 'ignore_ament_install'
[2.953s] Level 1:colcon.colcon_core.package_identification:_identify(ros2_ws) by extensions ['colcon_pkg']
[2.954s] Level 1:colcon.colcon_core.package_identification:_identify(ros2_ws) by extension 'colcon_pkg'
[2.956s] Level 1:colcon.colcon_core.package_identification:_identify(ros2_ws) by extensions ['colcon_meta']
[2.956s] Level 1:colcon.colcon_core.package_identification:_identify(ros2_ws) by extension 'colcon_meta'
[2.958s] Level 1:colcon.colcon_core.package_identification:_identify(ros2_ws) by extensions ['ros']
[2.959s] Level 1:colcon.colcon_core.package_identification:_identify(ros2_ws) by extension 'ros'
[2.967s] Level 1:colcon.colcon_core.package_identification:_identify(ros2_ws) by extensions ['cmake', 'python']
[2.967s] Level 1:colcon.colcon_core.package_identification:_identify(ros2_ws) by extension 'cmake'
[2.969s] Level 1:colcon.colcon_core.package_identification:_identify(ros2_ws) by extension 'python'
[2.972s] Level 1:colcon.colcon_core.package_identification:_identify(ros2_ws) by extensions ['python_setup_py']
[2.972s] Level 1:colcon.colcon_core.package_identification:_identify(ros2_ws) by extension 'python_setup_py'
[2.987s] Level 1:colcon.colcon_core.package_identification:_identify(ros2_ws/build) by extensions ['ignore', 'ignore_ament_install']
[2.988s] Level 1:colcon.colcon_core.package_identification:_identify(ros2_ws/build) by extension 'ignore'
[2.993s] Level 1:colcon.colcon_core.package_identification:_identify(ros2_ws/build) ignored
[3.002s] Level 1:colcon.colcon_core.package_identification:_identify(ros2_ws/install) by extensions ['ignore', 'ignore_ament_install']
[3.002s] Level 1:colcon.colcon_core.package_identification:_identify(ros2_ws/install) by extension 'ignore'
[3.007s] Level 1:colcon.colcon_core.package_identification:_identify(ros2_ws/install) ignored
[3.027s] Level 1:colcon.colcon_core.package_identification:_identify(ros2_ws/log) by extensions ['ignore', 'ignore_ament_install']
[3.027s] Level 1:colcon.colcon_core.package_identification:_identify(ros2_ws/log) by extension 'ignore'
[3.031s] Level 1:colcon.colcon_core.package_identification:_identify(ros2_ws/log) ignored
[3.041s] Level 1:colcon.colcon_core.package_identification:_identify(ros2_ws/src) by extensions ['ignore', 'ignore_ament_install']
[3.042s] Level 1:colcon.colcon_core.package_identification:_identify(ros2_ws/src) by extension 'ignore'
[3.044s] Level 1:colcon.colcon_core.package_identification:_identify(ros2_ws/src) by extension 'ignore_ament_install'
[3.051s] Level 1:colcon.colcon_core.package_identification:_identify(ros2_ws/src) by extensions ['colcon_pkg']
[3.051s] Level 1:colcon.colcon_core.package_identification:_identify(ros2_ws/src) by extension 'colcon_pkg'
[3.056s] Level 1:colcon.colcon_core.package_identification:_identify(ros2_ws/src) by extensions ['colcon_meta']
[3.056s] Level 1:colcon.colcon_core.package_identification:_identify(ros2_ws/src) by extension 'colcon_meta'
[3.061s] Level 1:colcon.colcon_core.package_identification:_identify(ros2_ws/src) by extensions ['ros']
[3.062s] Level 1:colcon.colcon_core.package_identification:_identify(ros2_ws/src) by extension 'ros'
[3.078s] Level 1:colcon.colcon_core.package_identification:_identify(ros2_ws/src) by extensions ['cmake', 'python']
[3.079s] Level 1:colcon.colcon_core.package_identification:_identify(ros2_ws/src) by extension 'cmake'
[3.083s] Level 1:colcon.colcon_core.package_identification:_identify(ros2_ws/src) by extension 'python'
[3.087s] Level 1:colcon.colcon_core.package_identification:_identify(ros2_ws/src) by extensions ['python_setup_py']
[3.088s] Level 1:colcon.colcon_core.package_identification:_identify(ros2_ws/src) by extension 'python_setup_py'
[3.108s] Level 1:colcon.colcon_core.package_identification:_identify(ros2_ws/src/my_robot_controller) by extensions ['ignore', 'ignore_ament_install']
[3.109s] Level 1:colcon.colcon_core.package_identification:_identify(ros2_ws/src/my_robot_controller) by extension 'ignore'
[3.113s] Level 1:colcon.colcon_core.package_identification:_identify(ros2_ws/src/my_robot_controller) by extension 'ignore_ament_install'
[3.120s] Level 1:colcon.colcon_core.package_identification:_identify(ros2_ws/src/my_robot_controller) by extensions ['colcon_pkg']
[3.121s] Level 1:colcon.colcon_core.package_identification:_identify(ros2_ws/src/my_robot_controller) by extension 'colcon_pkg'
[3.125s] Level 1:colcon.colcon_core.package_identification:_identify(ros2_ws/src/my_robot_controller) by extensions ['colcon_meta']
[3.125s] Level 1:colcon.colcon_core.package_identification:_identify(ros2_ws/src/my_robot_controller) by extension 'colcon_meta'
[3.134s] Level 1:colcon.colcon_core.package_identification:_identify(ros2_ws/src/my_robot_controller) by extensions ['ros']
[3.135s] Level 1:colcon.colcon_core.package_identification:_identify(ros2_ws/src/my_robot_controller) by extension 'ros'
[3.195s] DEBUG:colcon.colcon_core.package_identification:Package 'ros2_ws/src/my_robot_controller' with type 'ros.ament_python' and name 'my_robot_controller'
[3.196s] Level 1:colcon.colcon_core.package_discovery:discover_packages(recursive) using defaults
[3.197s] Level 1:colcon.colcon_core.package_discovery:discover_packages(ignore) discover
[3.197s] Level 1:colcon.colcon_core.package_discovery:discover_packages(ignore) using defaults
[3.198s] Level 1:colcon.colcon_core.package_discovery:discover_packages(path) discover
[3.198s] Level 1:colcon.colcon_core.package_discovery:discover_packages(path) using defaults
[3.464s] Level 1:colcon.colcon_core.package_discovery:discover_packages(prefix_path) check parameters
[3.464s] Level 1:colcon.colcon_core.package_discovery:discover_packages(prefix_path) discover
[3.588s] DEBUG:colcon.colcon_installed_package_information.package_discovery:Found 1 installed packages in /mnt/c/Users/mojtaba.peyrovi_urla/personal_projects/ROS2-codealong/ros2_ws/install
[3.596s] DEBUG:colcon.colcon_installed_package_information.package_discovery:Found 271 installed packages in /opt/ros/humble
[3.609s] Level 1:colcon.colcon_core.package_discovery:discover_packages(prefix_path) using defaults
[3.945s] Level 5:colcon.colcon_core.verb:set package 'my_robot_controller' build argument 'cmake_args' from command line to 'None'
[3.946s] Level 5:colcon.colcon_core.verb:set package 'my_robot_controller' build argument 'cmake_target' from command line to 'None'
[3.947s] Level 5:colcon.colcon_core.verb:set package 'my_robot_controller' build argument 'cmake_target_skip_unavailable' from command line to 'False'
[3.947s] Level 5:colcon.colcon_core.verb:set package 'my_robot_controller' build argument 'cmake_clean_cache' from command line to 'False'
[3.948s] Level 5:colcon.colcon_core.verb:set package 'my_robot_controller' build argument 'cmake_clean_first' from command line to 'False'
[3.949s] Level 5:colcon.colcon_core.verb:set package 'my_robot_controller' build argument 'cmake_force_configure' from command line to 'False'
[3.949s] Level 5:colcon.colcon_core.verb:set package 'my_robot_controller' build argument 'ament_cmake_args' from command line to 'None'
[3.950s] Level 5:colcon.colcon_core.verb:set package 'my_robot_controller' build argument 'catkin_cmake_args' from command line to 'None'
[3.950s] Level 5:colcon.colcon_core.verb:set package 'my_robot_controller' build argument 'catkin_skip_building_tests' from command line to 'False'
[3.951s] DEBUG:colcon.colcon_core.verb:Building package 'my_robot_controller' with the following arguments: {'ament_cmake_args': None, 'build_base': '/mnt/c/Users/mojtaba.peyrovi_urla/personal_projects/ROS2-codealong/build/my_robot_controller', 'catkin_cmake_args': None, 'catkin_skip_building_tests': False, 'cmake_args': None, 'cmake_clean_cache': False, 'cmake_clean_first': False, 'cmake_force_configure': False, 'cmake_target': None, 'cmake_target_skip_unavailable': False, 'install_base': '/mnt/c/Users/mojtaba.peyrovi_urla/personal_projects/ROS2-codealong/install/my_robot_controller', 'merge_install': False, 'path': '/mnt/c/Users/mojtaba.peyrovi_urla/personal_projects/ROS2-codealong/ros2_ws/src/my_robot_controller', 'symlink_install': False, 'test_result_base': None}
[3.952s] INFO:colcon.colcon_core.executor:Executing jobs using 'parallel' executor
[3.956s] DEBUG:colcon.colcon_parallel_executor.executor.parallel:run_until_complete
[3.958s] INFO:colcon.colcon_ros.task.ament_python.build:Building ROS package in '/mnt/c/Users/mojtaba.peyrovi_urla/personal_projects/ROS2-codealong/ros2_ws/src/my_robot_controller' with build type 'ament_python'
[3.958s] Level 1:colcon.colcon_core.shell:create_environment_hook('my_robot_controller', 'ament_prefix_path')
[3.988s] INFO:colcon.colcon_core.plugin_system:Skipping extension 'colcon_core.shell.bat': Not used on non-Windows systems
[3.989s] INFO:colcon.colcon_core.shell:Creating environment hook '/mnt/c/Users/mojtaba.peyrovi_urla/personal_projects/ROS2-codealong/install/my_robot_controller/share/my_robot_controller/hook/ament_prefix_path.ps1'
[4.025s] INFO:colcon.colcon_core.shell:Creating environment descriptor '/mnt/c/Users/mojtaba.peyrovi_urla/personal_projects/ROS2-codealong/install/my_robot_controller/share/my_robot_controller/hook/ament_prefix_path.dsv'
[4.068s] INFO:colcon.colcon_core.shell:Creating environment hook '/mnt/c/Users/mojtaba.peyrovi_urla/personal_projects/ROS2-codealong/install/my_robot_controller/share/my_robot_controller/hook/ament_prefix_path.sh'
[4.104s] INFO:colcon.colcon_core.shell:Skip shell extension 'powershell' for command environment: Not usable outside of PowerShell
[4.105s] DEBUG:colcon.colcon_core.shell:Skip shell extension 'dsv' for command environment
[6.363s] INFO:colcon.colcon_core.task.python.build:Building Python package in '/mnt/c/Users/mojtaba.peyrovi_urla/personal_projects/ROS2-codealong/ros2_ws/src/my_robot_controller'
[6.364s] INFO:colcon.colcon_core.shell:Skip shell extension 'powershell' for command environment: Not usable outside of PowerShell
[6.364s] DEBUG:colcon.colcon_core.shell:Skip shell extension 'dsv' for command environment
[7.871s] DEBUG:colcon.colcon_core.event_handler.log_command:Invoking command in '/mnt/c/Users/mojtaba.peyrovi_urla/personal_projects/ROS2-codealong/ros2_ws/src/my_robot_controller': PYTHONPATH=/mnt/c/Users/mojtaba.peyrovi_urla/personal_projects/ROS2-codealong/build/my_robot_controller/prefix_override:/usr/lib/python3/dist-packages/colcon_core/task/python/colcon_distutils_commands:/mnt/c/Users/mojtaba.peyrovi_urla/personal_projects/ROS2-codealong/install/my_robot_controller/lib/python3.10/site-packages:${PYTHONPATH} /usr/bin/python3 -W ignore:setup.py install is deprecated -W ignore:easy_install command is deprecated setup.py egg_info --egg-base ../../../build/my_robot_controller build --build-base /mnt/c/Users/mojtaba.peyrovi_urla/personal_projects/ROS2-codealong/build/my_robot_controller/build install --record /mnt/c/Users/mojtaba.peyrovi_urla/personal_projects/ROS2-codealong/build/my_robot_controller/install.log --single-version-externally-managed install_data
[12.234s] DEBUG:colcon.colcon_core.event_handler.log_command:Invoked command in '/mnt/c/Users/mojtaba.peyrovi_urla/personal_projects/ROS2-codealong/ros2_ws/src/my_robot_controller' returned '0': PYTHONPATH=/mnt/c/Users/mojtaba.peyrovi_urla/personal_projects/ROS2-codealong/build/my_robot_controller/prefix_override:/usr/lib/python3/dist-packages/colcon_core/task/python/colcon_distutils_commands:/mnt/c/Users/mojtaba.peyrovi_urla/personal_projects/ROS2-codealong/install/my_robot_controller/lib/python3.10/site-packages:${PYTHONPATH} /usr/bin/python3 -W ignore:setup.py install is deprecated -W ignore:easy_install command is deprecated setup.py egg_info --egg-base ../../../build/my_robot_controller build --build-base /mnt/c/Users/mojtaba.peyrovi_urla/personal_projects/ROS2-codealong/build/my_robot_controller/build install --record /mnt/c/Users/mojtaba.peyrovi_urla/personal_projects/ROS2-codealong/build/my_robot_controller/install.log --single-version-externally-managed install_data
[12.265s] Level 1:colcon.colcon_core.environment:checking '/mnt/c/Users/mojtaba.peyrovi_urla/personal_projects/ROS2-codealong/install/my_robot_controller' for CMake module files
[12.396s] Level 1:colcon.colcon_core.environment:checking '/mnt/c/Users/mojtaba.peyrovi_urla/personal_projects/ROS2-codealong/install/my_robot_controller' for CMake config files
[12.558s] Level 1:colcon.colcon_core.environment:checking '/mnt/c/Users/mojtaba.peyrovi_urla/personal_projects/ROS2-codealong/install/my_robot_controller/lib'
[12.567s] Level 1:colcon.colcon_core.environment:checking '/mnt/c/Users/mojtaba.peyrovi_urla/personal_projects/ROS2-codealong/install/my_robot_controller/bin'
[12.570s] Level 1:colcon.colcon_core.environment:checking '/mnt/c/Users/mojtaba.peyrovi_urla/personal_projects/ROS2-codealong/install/my_robot_controller/lib/pkgconfig/my_robot_controller.pc'
[12.574s] Level 1:colcon.colcon_core.environment:checking '/mnt/c/Users/mojtaba.peyrovi_urla/personal_projects/ROS2-codealong/install/my_robot_controller/lib/python3.10/site-packages'
[12.580s] Level 1:colcon.colcon_core.shell:create_environment_hook('my_robot_controller', 'pythonpath')
[12.581s] INFO:colcon.colcon_core.shell:Creating environment hook '/mnt/c/Users/mojtaba.peyrovi_urla/personal_projects/ROS2-codealong/install/my_robot_controller/share/my_robot_controller/hook/pythonpath.ps1'
[12.614s] INFO:colcon.colcon_core.shell:Creating environment descriptor '/mnt/c/Users/mojtaba.peyrovi_urla/personal_projects/ROS2-codealong/install/my_robot_controller/share/my_robot_controller/hook/pythonpath.dsv'
[12.647s] INFO:colcon.colcon_core.shell:Creating environment hook '/mnt/c/Users/mojtaba.peyrovi_urla/personal_projects/ROS2-codealong/install/my_robot_controller/share/my_robot_controller/hook/pythonpath.sh'
[12.684s] Level 1:colcon.colcon_core.environment:checking '/mnt/c/Users/mojtaba.peyrovi_urla/personal_projects/ROS2-codealong/install/my_robot_controller/bin'
[12.687s] Level 1:colcon.colcon_core.environment:create_environment_scripts_only(my_robot_controller)
[12.688s] INFO:colcon.colcon_core.shell:Creating package script '/mnt/c/Users/mojtaba.peyrovi_urla/personal_projects/ROS2-codealong/install/my_robot_controller/share/my_robot_controller/package.ps1'
[12.719s] INFO:colcon.colcon_core.shell:Creating package descriptor '/mnt/c/Users/mojtaba.peyrovi_urla/personal_projects/ROS2-codealong/install/my_robot_controller/share/my_robot_controller/package.dsv'
[12.749s] INFO:colcon.colcon_core.shell:Creating package script '/mnt/c/Users/mojtaba.peyrovi_urla/personal_projects/ROS2-codealong/install/my_robot_controller/share/my_robot_controller/package.sh'
[12.781s] INFO:colcon.colcon_core.shell:Creating package script '/mnt/c/Users/mojtaba.peyrovi_urla/personal_projects/ROS2-codealong/install/my_robot_controller/share/my_robot_controller/package.bash'
[12.807s] INFO:colcon.colcon_core.shell:Creating package script '/mnt/c/Users/mojtaba.peyrovi_urla/personal_projects/ROS2-codealong/install/my_robot_controller/share/my_robot_controller/package.zsh'
[12.835s] Level 1:colcon.colcon_core.environment:create_file_with_runtime_dependencies(/mnt/c/Users/mojtaba.peyrovi_urla/personal_projects/ROS2-codealong/install/my_robot_controller/share/colcon-core/packages/my_robot_controller)
[12.855s] DEBUG:colcon.colcon_parallel_executor.executor.parallel:closing loop
[12.856s] DEBUG:colcon.colcon_parallel_executor.executor.parallel:loop closed
[12.864s] DEBUG:colcon.colcon_parallel_executor.executor.parallel:run_until_complete finished with '0'
[12.864s] DEBUG:colcon.colcon_core.event_reactor:joining thread
[13.054s] INFO:colcon.colcon_core.plugin_system:Skipping extension 'colcon_notification.desktop_notification.notify_send': Could not find 'notify-send'
[13.055s] INFO:colcon.colcon_core.plugin_system:Skipping extension 'colcon_notification.desktop_notification.terminal_notifier': Not used on non-Darwin systems
[13.056s] INFO:colcon.colcon_core.plugin_system:Skipping extension 'colcon_notification.desktop_notification.win32': Not used on non-Windows systems
[13.057s] INFO:colcon.colcon_notification.desktop_notification:Sending desktop notification using 'notify2'
[13.058s] DEBUG:colcon.colcon_notification.desktop_notification.notify2:Failed to initialize notify2: org.freedesktop.DBus.Error.FileNotFound: Failed to connect to socket /run/user/1000/bus: No such file or directory
[13.059s] DEBUG:colcon.colcon_core.event_reactor:joined thread
[13.060s] INFO:colcon.colcon_core.shell:Creating prefix script '/mnt/c/Users/mojtaba.peyrovi_urla/personal_projects/ROS2-codealong/install/local_setup.ps1'
[13.081s] INFO:colcon.colcon_core.shell:Creating prefix util module '/mnt/c/Users/mojtaba.peyrovi_urla/personal_projects/ROS2-codealong/install/_local_setup_util_ps1.py'
[13.101s] INFO:colcon.colcon_core.shell:Creating prefix chain script '/mnt/c/Users/mojtaba.peyrovi_urla/personal_projects/ROS2-codealong/install/setup.ps1'
[13.141s] INFO:colcon.colcon_core.shell:Creating prefix script '/mnt/c/Users/mojtaba.peyrovi_urla/personal_projects/ROS2-codealong/install/local_setup.sh'
[13.156s] INFO:colcon.colcon_core.shell:Creating prefix util module '/mnt/c/Users/mojtaba.peyrovi_urla/personal_projects/ROS2-codealong/install/_local_setup_util_sh.py'
[13.171s] INFO:colcon.colcon_core.shell:Creating prefix chain script '/mnt/c/Users/mojtaba.peyrovi_urla/personal_projects/ROS2-codealong/install/setup.sh'
[13.200s] INFO:colcon.colcon_core.shell:Creating prefix script '/mnt/c/Users/mojtaba.peyrovi_urla/personal_projects/ROS2-codealong/install/local_setup.bash'
[13.213s] INFO:colcon.colcon_core.shell:Creating prefix chain script '/mnt/c/Users/mojtaba.peyrovi_urla/personal_projects/ROS2-codealong/install/setup.bash'
[13.257s] INFO:colcon.colcon_core.shell:Creating prefix script '/mnt/c/Users/mojtaba.peyrovi_urla/personal_projects/ROS2-codealong/install/local_setup.zsh'
[13.286s] INFO:colcon.colcon_core.shell:Creating prefix chain script '/mnt/c/Users/mojtaba.peyrovi_urla/personal_projects/ROS2-codealong/install/setup.zsh'
