[7.308s] Invoking command in '/mnt/c/Users/mojtaba.peyrovi_urla/personal_projects/ROS2-codealong/ros2_ws/src/my_robot_controller': PYTHONPATH=/mnt/c/Users/mojtaba.peyrovi_urla/personal_projects/ROS2-codealong/build/my_robot_controller/prefix_override:/usr/lib/python3/dist-packages/colcon_core/task/python/colcon_distutils_commands:/mnt/c/Users/mojtaba.peyrovi_urla/personal_projects/ROS2-codealong/install/my_robot_controller/lib/python3.10/site-packages:${PYTHONPATH} /usr/bin/python3 -W ignore:setup.py install is deprecated -W ignore:easy_install command is deprecated setup.py egg_info --egg-base ../../../build/my_robot_controller build --build-base /mnt/c/Users/mojtaba.peyrovi_urla/personal_projects/ROS2-codealong/build/my_robot_controller/build install --record /mnt/c/Users/mojtaba.peyrovi_urla/personal_projects/ROS2-codealong/build/my_robot_controller/install.log --single-version-externally-managed install_data
[9.682s] running egg_info
[9.701s] writing ../../../build/my_robot_controller/my_robot_controller.egg-info/PKG-INFO
[9.720s] writing dependency_links to ../../../build/my_robot_controller/my_robot_controller.egg-info/dependency_links.txt
[9.739s] writing entry points to ../../../build/my_robot_controller/my_robot_controller.egg-info/entry_points.txt
[9.755s] writing requirements to ../../../build/my_robot_controller/my_robot_controller.egg-info/requires.txt
[9.764s] writing top-level names to ../../../build/my_robot_controller/my_robot_controller.egg-info/top_level.txt
[9.852s] reading manifest file '../../../build/my_robot_controller/my_robot_controller.egg-info/SOURCES.txt'
[10.036s] writing manifest file '../../../build/my_robot_controller/my_robot_controller.egg-info/SOURCES.txt'
[10.046s] running build
[10.049s] running build_py
[10.132s] running install
[10.134s] running install_lib
[10.406s] running install_data
[10.478s] running install_egg_info
[10.510s] removing '/mnt/c/Users/mojtaba.peyrovi_urla/personal_projects/ROS2-codealong/install/my_robot_controller/lib/python3.10/site-packages/my_robot_controller-0.0.0-py3.10.egg-info' (and everything under it)
[10.665s] Copying ../../../build/my_robot_controller/my_robot_controller.egg-info to /mnt/c/Users/mojtaba.peyrovi_urla/personal_projects/ROS2-codealong/install/my_robot_controller/lib/python3.10/site-packages/my_robot_controller-0.0.0-py3.10.egg-info
[11.345s] running install_scripts
[11.615s] Installing test_node script to /mnt/c/Users/mojtaba.peyrovi_urla/personal_projects/ROS2-codealong/install/my_robot_controller/lib/my_robot_controller
[11.654s] writing list of installed files to '/mnt/c/Users/mojtaba.peyrovi_urla/personal_projects/ROS2-codealong/build/my_robot_controller/install.log'
[11.719s] Invoked command in '/mnt/c/Users/mojtaba.peyrovi_urla/personal_projects/ROS2-codealong/ros2_ws/src/my_robot_controller' returned '0': PYTHONPATH=/mnt/c/Users/mojtaba.peyrovi_urla/personal_projects/ROS2-codealong/build/my_robot_controller/prefix_override:/usr/lib/python3/dist-packages/colcon_core/task/python/colcon_distutils_commands:/mnt/c/Users/mojtaba.peyrovi_urla/personal_projects/ROS2-codealong/install/my_robot_controller/lib/python3.10/site-packages:${PYTHONPATH} /usr/bin/python3 -W ignore:setup.py install is deprecated -W ignore:easy_install command is deprecated setup.py egg_info --egg-base ../../../build/my_robot_controller build --build-base /mnt/c/Users/mojtaba.peyrovi_urla/personal_projects/ROS2-codealong/build/my_robot_controller/build install --record /mnt/c/Users/mojtaba.peyrovi_urla/personal_projects/ROS2-codealong/build/my_robot_controller/install.log --single-version-externally-managed install_data
