[1.030s] DEBUG:colcon:Command line arguments: ['/usr/bin/colcon', 'build']
[1.031s] DEBUG:colcon:Parsed command line arguments: Namespace(log_base=None, log_level=None, verb_name='build', build_base='build', install_base='install', merge_install=False, symlink_install=False, test_result_base=None, continue_on_error=False, executor='parallel', parallel_workers=12, event_handlers=None, ignore_user_meta=False, metas=['./colcon.meta'], base_paths=['.'], packages_ignore=None, packages_ignore_regex=None, paths=None, packages_up_to=None, packages_up_to_regex=None, packages_above=None, packages_above_and_dependencies=None, packages_above_depth=None, packages_select_by_dep=None, packages_skip_by_dep=None, packages_skip_up_to=None, packages_select_build_failed=False, packages_skip_build_finished=False, packages_select_test_failures=False, packages_skip_test_passed=False, packages_select=None, packages_skip=None, packages_select_regex=None, packages_skip_regex=None, packages_start=None, packages_end=None, allow_overriding=[], cmake_args=None, cmake_target=None, cmake_target_skip_unavailable=False, cmake_clean_cache=False, cmake_clean_first=False, cmake_force_configure=False, ament_cmake_args=None, catkin_cmake_args=None, catkin_skip_building_tests=False, verb_parser=<colcon_defaults.argument_parser.defaults.DefaultArgumentsDecorator object at 0x7f48cad62650>, verb_extension=<colcon_core.verb.build.BuildVerb object at 0x7f48caee3b20>, main=<bound method BuildVerb.main of <colcon_core.verb.build.BuildVerb object at 0x7f48caee3b20>>)
[1.769s] Level 1:colcon.colcon_core.package_discovery:discover_packages(colcon_meta) check parameters
[1.771s] Level 1:colcon.colcon_core.package_discovery:discover_packages(recursive) check parameters
[1.771s] Level 1:colcon.colcon_core.package_discovery:discover_packages(ignore) check parameters
[1.772s] Level 1:colcon.colcon_core.package_discovery:discover_packages(path) check parameters
[1.772s] Level 1:colcon.colcon_core.package_discovery:discover_packages(colcon_meta) discover
[1.774s] Level 1:colcon.colcon_core.package_discovery:discover_packages(recursive) discover
[1.774s] INFO:colcon.colcon_core.package_discovery:Crawling recursively for packages in '/mnt/c/Users/mojtaba.peyrovi_urla/personal_projects/ROS2-codealong'
[1.779s] Level 1:colcon.colcon_core.package_identification:_identify(.) by extensions ['ignore', 'ignore_ament_install']
[1.780s] Level 1:colcon.colcon_core.package_identification:_identify(.) by extension 'ignore'
[1.781s] Level 1:colcon.colcon_core.package_identification:_identify(.) by extension 'ignore_ament_install'
[1.783s] Level 1:colcon.colcon_core.package_identification:_identify(.) by extensions ['colcon_pkg']
[1.783s] Level 1:colcon.colcon_core.package_identification:_identify(.) by extension 'colcon_pkg'
[1.784s] Level 1:colcon.colcon_core.package_identification:_identify(.) by extensions ['colcon_meta']
[1.785s] Level 1:colcon.colcon_core.package_identification:_identify(.) by extension 'colcon_meta'
[1.786s] Level 1:colcon.colcon_core.package_identification:_identify(.) by extensions ['ros']
[1.786s] Level 1:colcon.colcon_core.package_identification:_identify(.) by extension 'ros'
[1.831s] Level 1:colcon.colcon_core.package_identification:_identify(.) by extensions ['cmake', 'python']
[1.832s] Level 1:colcon.colcon_core.package_identification:_identify(.) by extension 'cmake'
[1.833s] Level 1:colcon.colcon_core.package_identification:_identify(.) by extension 'python'
[1.834s] Level 1:colcon.colcon_core.package_identification:_identify(.) by extensions ['python_setup_py']
[1.835s] Level 1:colcon.colcon_core.package_identification:_identify(.) by extension 'python_setup_py'
[1.844s] Level 1:colcon.colcon_core.package_identification:_identify(build) by extensions ['ignore', 'ignore_ament_install']
[1.845s] Level 1:colcon.colcon_core.package_identification:_identify(build) by extension 'ignore'
[1.849s] Level 1:colcon.colcon_core.package_identification:_identify(build) ignored
[1.857s] Level 1:colcon.colcon_core.package_identification:_identify(install) by extensions ['ignore', 'ignore_ament_install']
[1.858s] Level 1:colcon.colcon_core.package_identification:_identify(install) by extension 'ignore'
[1.861s] Level 1:colcon.colcon_core.package_identification:_identify(install) ignored
[1.872s] Level 1:colcon.colcon_core.package_identification:_identify(log) by extensions ['ignore', 'ignore_ament_install']
[1.872s] Level 1:colcon.colcon_core.package_identification:_identify(log) by extension 'ignore'
[1.876s] Level 1:colcon.colcon_core.package_identification:_identify(log) ignored
[1.882s] Level 1:colcon.colcon_core.package_identification:_identify(ros2_ws) by extensions ['ignore', 'ignore_ament_install']
[1.882s] Level 1:colcon.colcon_core.package_identification:_identify(ros2_ws) by extension 'ignore'
[1.885s] Level 1:colcon.colcon_core.package_identification:_identify(ros2_ws) by extension 'ignore_ament_install'
[1.889s] Level 1:colcon.colcon_core.package_identification:_identify(ros2_ws) by extensions ['colcon_pkg']
[1.889s] Level 1:colcon.colcon_core.package_identification:_identify(ros2_ws) by extension 'colcon_pkg'
[1.891s] Level 1:colcon.colcon_core.package_identification:_identify(ros2_ws) by extensions ['colcon_meta']
[1.892s] Level 1:colcon.colcon_core.package_identification:_identify(ros2_ws) by extension 'colcon_meta'
[1.894s] Level 1:colcon.colcon_core.package_identification:_identify(ros2_ws) by extensions ['ros']
[1.894s] Level 1:colcon.colcon_core.package_identification:_identify(ros2_ws) by extension 'ros'
[1.905s] Level 1:colcon.colcon_core.package_identification:_identify(ros2_ws) by extensions ['cmake', 'python']
[1.905s] Level 1:colcon.colcon_core.package_identification:_identify(ros2_ws) by extension 'cmake'
[1.907s] Level 1:colcon.colcon_core.package_identification:_identify(ros2_ws) by extension 'python'
[1.909s] Level 1:colcon.colcon_core.package_identification:_identify(ros2_ws) by extensions ['python_setup_py']
[1.910s] Level 1:colcon.colcon_core.package_identification:_identify(ros2_ws) by extension 'python_setup_py'
[1.922s] Level 1:colcon.colcon_core.package_identification:_identify(ros2_ws/build) by extensions ['ignore', 'ignore_ament_install']
[1.923s] Level 1:colcon.colcon_core.package_identification:_identify(ros2_ws/build) by extension 'ignore'
[1.927s] Level 1:colcon.colcon_core.package_identification:_identify(ros2_ws/build) ignored
[1.938s] Level 1:colcon.colcon_core.package_identification:_identify(ros2_ws/install) by extensions ['ignore', 'ignore_ament_install']
[1.938s] Level 1:colcon.colcon_core.package_identification:_identify(ros2_ws/install) by extension 'ignore'
[1.943s] Level 1:colcon.colcon_core.package_identification:_identify(ros2_ws/install) ignored
[1.960s] Level 1:colcon.colcon_core.package_identification:_identify(ros2_ws/log) by extensions ['ignore', 'ignore_ament_install']
[1.961s] Level 1:colcon.colcon_core.package_identification:_identify(ros2_ws/log) by extension 'ignore'
[1.964s] Level 1:colcon.colcon_core.package_identification:_identify(ros2_ws/log) ignored
[1.975s] Level 1:colcon.colcon_core.package_identification:_identify(ros2_ws/src) by extensions ['ignore', 'ignore_ament_install']
[1.975s] Level 1:colcon.colcon_core.package_identification:_identify(ros2_ws/src) by extension 'ignore'
[1.979s] Level 1:colcon.colcon_core.package_identification:_identify(ros2_ws/src) by extension 'ignore_ament_install'
[1.986s] Level 1:colcon.colcon_core.package_identification:_identify(ros2_ws/src) by extensions ['colcon_pkg']
[1.986s] Level 1:colcon.colcon_core.package_identification:_identify(ros2_ws/src) by extension 'colcon_pkg'
[1.991s] Level 1:colcon.colcon_core.package_identification:_identify(ros2_ws/src) by extensions ['colcon_meta']
[1.991s] Level 1:colcon.colcon_core.package_identification:_identify(ros2_ws/src) by extension 'colcon_meta'
[1.996s] Level 1:colcon.colcon_core.package_identification:_identify(ros2_ws/src) by extensions ['ros']
[1.997s] Level 1:colcon.colcon_core.package_identification:_identify(ros2_ws/src) by extension 'ros'
[2.013s] Level 1:colcon.colcon_core.package_identification:_identify(ros2_ws/src) by extensions ['cmake', 'python']
[2.014s] Level 1:colcon.colcon_core.package_identification:_identify(ros2_ws/src) by extension 'cmake'
[2.017s] Level 1:colcon.colcon_core.package_identification:_identify(ros2_ws/src) by extension 'python'
[2.020s] Level 1:colcon.colcon_core.package_identification:_identify(ros2_ws/src) by extensions ['python_setup_py']
[2.021s] Level 1:colcon.colcon_core.package_identification:_identify(ros2_ws/src) by extension 'python_setup_py'
[2.040s] Level 1:colcon.colcon_core.package_identification:_identify(ros2_ws/src/my_robot_controller) by extensions ['ignore', 'ignore_ament_install']
[2.040s] Level 1:colcon.colcon_core.package_identification:_identify(ros2_ws/src/my_robot_controller) by extension 'ignore'
[2.045s] Level 1:colcon.colcon_core.package_identification:_identify(ros2_ws/src/my_robot_controller) by extension 'ignore_ament_install'
[2.054s] Level 1:colcon.colcon_core.package_identification:_identify(ros2_ws/src/my_robot_controller) by extensions ['colcon_pkg']
[2.054s] Level 1:colcon.colcon_core.package_identification:_identify(ros2_ws/src/my_robot_controller) by extension 'colcon_pkg'
[2.058s] Level 1:colcon.colcon_core.package_identification:_identify(ros2_ws/src/my_robot_controller) by extensions ['colcon_meta']
[2.059s] Level 1:colcon.colcon_core.package_identification:_identify(ros2_ws/src/my_robot_controller) by extension 'colcon_meta'
[2.067s] Level 1:colcon.colcon_core.package_identification:_identify(ros2_ws/src/my_robot_controller) by extensions ['ros']
[2.067s] Level 1:colcon.colcon_core.package_identification:_identify(ros2_ws/src/my_robot_controller) by extension 'ros'
[2.118s] DEBUG:colcon.colcon_core.package_identification:Package 'ros2_ws/src/my_robot_controller' with type 'ros.ament_python' and name 'my_robot_controller'
[2.119s] Level 1:colcon.colcon_core.package_discovery:discover_packages(recursive) using defaults
[2.120s] Level 1:colcon.colcon_core.package_discovery:discover_packages(ignore) discover
[2.120s] Level 1:colcon.colcon_core.package_discovery:discover_packages(ignore) using defaults
[2.121s] Level 1:colcon.colcon_core.package_discovery:discover_packages(path) discover
[2.122s] Level 1:colcon.colcon_core.package_discovery:discover_packages(path) using defaults
[2.309s] Level 1:colcon.colcon_core.package_discovery:discover_packages(prefix_path) check parameters
[2.309s] Level 1:colcon.colcon_core.package_discovery:discover_packages(prefix_path) discover
[2.435s] DEBUG:colcon.colcon_installed_package_information.package_discovery:Found 1 installed packages in /mnt/c/Users/mojtaba.peyrovi_urla/personal_projects/ROS2-codealong/ros2_ws/install
[2.439s] DEBUG:colcon.colcon_installed_package_information.package_discovery:Found 271 installed packages in /opt/ros/humble
[2.445s] Level 1:colcon.colcon_core.package_discovery:discover_packages(prefix_path) using defaults
[2.615s] Level 5:colcon.colcon_core.verb:set package 'my_robot_controller' build argument 'cmake_args' from command line to 'None'
[2.615s] Level 5:colcon.colcon_core.verb:set package 'my_robot_controller' build argument 'cmake_target' from command line to 'None'
[2.616s] Level 5:colcon.colcon_core.verb:set package 'my_robot_controller' build argument 'cmake_target_skip_unavailable' from command line to 'False'
[2.617s] Level 5:colcon.colcon_core.verb:set package 'my_robot_controller' build argument 'cmake_clean_cache' from command line to 'False'
[2.617s] Level 5:colcon.colcon_core.verb:set package 'my_robot_controller' build argument 'cmake_clean_first' from command line to 'False'
[2.618s] Level 5:colcon.colcon_core.verb:set package 'my_robot_controller' build argument 'cmake_force_configure' from command line to 'False'
[2.619s] Level 5:colcon.colcon_core.verb:set package 'my_robot_controller' build argument 'ament_cmake_args' from command line to 'None'
[2.619s] Level 5:colcon.colcon_core.verb:set package 'my_robot_controller' build argument 'catkin_cmake_args' from command line to 'None'
[2.620s] Level 5:colcon.colcon_core.verb:set package 'my_robot_controller' build argument 'catkin_skip_building_tests' from command line to 'False'
[2.621s] DEBUG:colcon.colcon_core.verb:Building package 'my_robot_controller' with the following arguments: {'ament_cmake_args': None, 'build_base': '/mnt/c/Users/mojtaba.peyrovi_urla/personal_projects/ROS2-codealong/build/my_robot_controller', 'catkin_cmake_args': None, 'catkin_skip_building_tests': False, 'cmake_args': None, 'cmake_clean_cache': False, 'cmake_clean_first': False, 'cmake_force_configure': False, 'cmake_target': None, 'cmake_target_skip_unavailable': False, 'install_base': '/mnt/c/Users/mojtaba.peyrovi_urla/personal_projects/ROS2-codealong/install/my_robot_controller', 'merge_install': False, 'path': '/mnt/c/Users/mojtaba.peyrovi_urla/personal_projects/ROS2-codealong/ros2_ws/src/my_robot_controller', 'symlink_install': False, 'test_result_base': None}
[2.622s] INFO:colcon.colcon_core.executor:Executing jobs using 'parallel' executor
[2.628s] DEBUG:colcon.colcon_parallel_executor.executor.parallel:run_until_complete
[2.629s] INFO:colcon.colcon_ros.task.ament_python.build:Building ROS package in '/mnt/c/Users/mojtaba.peyrovi_urla/personal_projects/ROS2-codealong/ros2_ws/src/my_robot_controller' with build type 'ament_python'
[2.630s] Level 1:colcon.colcon_core.shell:create_environment_hook('my_robot_controller', 'ament_prefix_path')
[2.654s] INFO:colcon.colcon_core.plugin_system:Skipping extension 'colcon_core.shell.bat': Not used on non-Windows systems
[2.656s] INFO:colcon.colcon_core.shell:Creating environment hook '/mnt/c/Users/mojtaba.peyrovi_urla/personal_projects/ROS2-codealong/install/my_robot_controller/share/my_robot_controller/hook/ament_prefix_path.ps1'
[2.703s] INFO:colcon.colcon_core.shell:Creating environment descriptor '/mnt/c/Users/mojtaba.peyrovi_urla/personal_projects/ROS2-codealong/install/my_robot_controller/share/my_robot_controller/hook/ament_prefix_path.dsv'
[2.739s] INFO:colcon.colcon_core.shell:Creating environment hook '/mnt/c/Users/mojtaba.peyrovi_urla/personal_projects/ROS2-codealong/install/my_robot_controller/share/my_robot_controller/hook/ament_prefix_path.sh'
[2.781s] INFO:colcon.colcon_core.shell:Skip shell extension 'powershell' for command environment: Not usable outside of PowerShell
[2.781s] DEBUG:colcon.colcon_core.shell:Skip shell extension 'dsv' for command environment
[4.991s] INFO:colcon.colcon_core.task.python.build:Building Python package in '/mnt/c/Users/mojtaba.peyrovi_urla/personal_projects/ROS2-codealong/ros2_ws/src/my_robot_controller'
[4.992s] INFO:colcon.colcon_core.shell:Skip shell extension 'powershell' for command environment: Not usable outside of PowerShell
[4.993s] DEBUG:colcon.colcon_core.shell:Skip shell extension 'dsv' for command environment
[9.841s] DEBUG:colcon.colcon_core.event_handler.log_command:Invoking command in '/mnt/c/Users/mojtaba.peyrovi_urla/personal_projects/ROS2-codealong/ros2_ws/src/my_robot_controller': PYTHONPATH=/mnt/c/Users/mojtaba.peyrovi_urla/personal_projects/ROS2-codealong/build/my_robot_controller/prefix_override:/usr/lib/python3/dist-packages/colcon_core/task/python/colcon_distutils_commands:/mnt/c/Users/mojtaba.peyrovi_urla/personal_projects/ROS2-codealong/install/my_robot_controller/lib/python3.10/site-packages:${PYTHONPATH} /usr/bin/python3 -W ignore:setup.py install is deprecated -W ignore:easy_install command is deprecated setup.py egg_info --egg-base ../../../build/my_robot_controller build --build-base /mnt/c/Users/mojtaba.peyrovi_urla/personal_projects/ROS2-codealong/build/my_robot_controller/build install --record /mnt/c/Users/mojtaba.peyrovi_urla/personal_projects/ROS2-codealong/build/my_robot_controller/install.log --single-version-externally-managed install_data
[15.033s] DEBUG:colcon.colcon_core.event_handler.log_command:Invoked command in '/mnt/c/Users/mojtaba.peyrovi_urla/personal_projects/ROS2-codealong/ros2_ws/src/my_robot_controller' returned '0': PYTHONPATH=/mnt/c/Users/mojtaba.peyrovi_urla/personal_projects/ROS2-codealong/build/my_robot_controller/prefix_override:/usr/lib/python3/dist-packages/colcon_core/task/python/colcon_distutils_commands:/mnt/c/Users/mojtaba.peyrovi_urla/personal_projects/ROS2-codealong/install/my_robot_controller/lib/python3.10/site-packages:${PYTHONPATH} /usr/bin/python3 -W ignore:setup.py install is deprecated -W ignore:easy_install command is deprecated setup.py egg_info --egg-base ../../../build/my_robot_controller build --build-base /mnt/c/Users/mojtaba.peyrovi_urla/personal_projects/ROS2-codealong/build/my_robot_controller/build install --record /mnt/c/Users/mojtaba.peyrovi_urla/personal_projects/ROS2-codealong/build/my_robot_controller/install.log --single-version-externally-managed install_data
[15.051s] Level 1:colcon.colcon_core.environment:checking '/mnt/c/Users/mojtaba.peyrovi_urla/personal_projects/ROS2-codealong/install/my_robot_controller' for CMake module files
[15.187s] Level 1:colcon.colcon_core.environment:checking '/mnt/c/Users/mojtaba.peyrovi_urla/personal_projects/ROS2-codealong/install/my_robot_controller' for CMake config files
[15.448s] Level 1:colcon.colcon_core.environment:checking '/mnt/c/Users/mojtaba.peyrovi_urla/personal_projects/ROS2-codealong/install/my_robot_controller/lib'
[15.460s] Level 1:colcon.colcon_core.environment:checking '/mnt/c/Users/mojtaba.peyrovi_urla/personal_projects/ROS2-codealong/install/my_robot_controller/bin'
[15.463s] Level 1:colcon.colcon_core.environment:checking '/mnt/c/Users/mojtaba.peyrovi_urla/personal_projects/ROS2-codealong/install/my_robot_controller/lib/pkgconfig/my_robot_controller.pc'
[15.468s] Level 1:colcon.colcon_core.environment:checking '/mnt/c/Users/mojtaba.peyrovi_urla/personal_projects/ROS2-codealong/install/my_robot_controller/lib/python3.10/site-packages'
[15.476s] Level 1:colcon.colcon_core.shell:create_environment_hook('my_robot_controller', 'pythonpath')
[15.477s] INFO:colcon.colcon_core.shell:Creating environment hook '/mnt/c/Users/mojtaba.peyrovi_urla/personal_projects/ROS2-codealong/install/my_robot_controller/share/my_robot_controller/hook/pythonpath.ps1'
[15.515s] INFO:colcon.colcon_core.shell:Creating environment descriptor '/mnt/c/Users/mojtaba.peyrovi_urla/personal_projects/ROS2-codealong/install/my_robot_controller/share/my_robot_controller/hook/pythonpath.dsv'
[15.547s] INFO:colcon.colcon_core.shell:Creating environment hook '/mnt/c/Users/mojtaba.peyrovi_urla/personal_projects/ROS2-codealong/install/my_robot_controller/share/my_robot_controller/hook/pythonpath.sh'
[15.584s] Level 1:colcon.colcon_core.environment:checking '/mnt/c/Users/mojtaba.peyrovi_urla/personal_projects/ROS2-codealong/install/my_robot_controller/bin'
[15.587s] Level 1:colcon.colcon_core.environment:create_environment_scripts_only(my_robot_controller)
[15.588s] INFO:colcon.colcon_core.shell:Creating package script '/mnt/c/Users/mojtaba.peyrovi_urla/personal_projects/ROS2-codealong/install/my_robot_controller/share/my_robot_controller/package.ps1'
[15.629s] INFO:colcon.colcon_core.shell:Creating package descriptor '/mnt/c/Users/mojtaba.peyrovi_urla/personal_projects/ROS2-codealong/install/my_robot_controller/share/my_robot_controller/package.dsv'
[15.670s] INFO:colcon.colcon_core.shell:Creating package script '/mnt/c/Users/mojtaba.peyrovi_urla/personal_projects/ROS2-codealong/install/my_robot_controller/share/my_robot_controller/package.sh'
[15.703s] INFO:colcon.colcon_core.shell:Creating package script '/mnt/c/Users/mojtaba.peyrovi_urla/personal_projects/ROS2-codealong/install/my_robot_controller/share/my_robot_controller/package.bash'
[15.730s] INFO:colcon.colcon_core.shell:Creating package script '/mnt/c/Users/mojtaba.peyrovi_urla/personal_projects/ROS2-codealong/install/my_robot_controller/share/my_robot_controller/package.zsh'
[15.760s] Level 1:colcon.colcon_core.environment:create_file_with_runtime_dependencies(/mnt/c/Users/mojtaba.peyrovi_urla/personal_projects/ROS2-codealong/install/my_robot_controller/share/colcon-core/packages/my_robot_controller)
[15.786s] DEBUG:colcon.colcon_parallel_executor.executor.parallel:closing loop
[15.794s] DEBUG:colcon.colcon_parallel_executor.executor.parallel:loop closed
[15.796s] DEBUG:colcon.colcon_parallel_executor.executor.parallel:run_until_complete finished with '0'
[15.796s] DEBUG:colcon.colcon_core.event_reactor:joining thread
[15.934s] INFO:colcon.colcon_core.plugin_system:Skipping extension 'colcon_notification.desktop_notification.notify_send': Could not find 'notify-send'
[15.936s] INFO:colcon.colcon_core.plugin_system:Skipping extension 'colcon_notification.desktop_notification.terminal_notifier': Not used on non-Darwin systems
[15.936s] INFO:colcon.colcon_core.plugin_system:Skipping extension 'colcon_notification.desktop_notification.win32': Not used on non-Windows systems
[15.937s] INFO:colcon.colcon_notification.desktop_notification:Sending desktop notification using 'notify2'
[15.946s] DEBUG:colcon.colcon_notification.desktop_notification.notify2:Failed to initialize notify2: org.freedesktop.DBus.Error.FileNotFound: Failed to connect to socket /run/user/1000/bus: No such file or directory
[15.949s] DEBUG:colcon.colcon_core.event_reactor:joined thread
[15.951s] INFO:colcon.colcon_core.shell:Creating prefix script '/mnt/c/Users/mojtaba.peyrovi_urla/personal_projects/ROS2-codealong/install/local_setup.ps1'
[15.975s] INFO:colcon.colcon_core.shell:Creating prefix util module '/mnt/c/Users/mojtaba.peyrovi_urla/personal_projects/ROS2-codealong/install/_local_setup_util_ps1.py'
[15.995s] INFO:colcon.colcon_core.shell:Creating prefix chain script '/mnt/c/Users/mojtaba.peyrovi_urla/personal_projects/ROS2-codealong/install/setup.ps1'
[16.043s] INFO:colcon.colcon_core.shell:Creating prefix script '/mnt/c/Users/mojtaba.peyrovi_urla/personal_projects/ROS2-codealong/install/local_setup.sh'
[16.063s] INFO:colcon.colcon_core.shell:Creating prefix util module '/mnt/c/Users/mojtaba.peyrovi_urla/personal_projects/ROS2-codealong/install/_local_setup_util_sh.py'
[16.076s] INFO:colcon.colcon_core.shell:Creating prefix chain script '/mnt/c/Users/mojtaba.peyrovi_urla/personal_projects/ROS2-codealong/install/setup.sh'
[16.126s] INFO:colcon.colcon_core.shell:Creating prefix script '/mnt/c/Users/mojtaba.peyrovi_urla/personal_projects/ROS2-codealong/install/local_setup.bash'
[16.139s] INFO:colcon.colcon_core.shell:Creating prefix chain script '/mnt/c/Users/mojtaba.peyrovi_urla/personal_projects/ROS2-codealong/install/setup.bash'
[16.176s] INFO:colcon.colcon_core.shell:Creating prefix script '/mnt/c/Users/mojtaba.peyrovi_urla/personal_projects/ROS2-codealong/install/local_setup.zsh'
[16.193s] INFO:colcon.colcon_core.shell:Creating prefix chain script '/mnt/c/Users/mojtaba.peyrovi_urla/personal_projects/ROS2-codealong/install/setup.zsh'
