[0.590s] DEBUG:colcon:Command line arguments: ['/usr/bin/colcon', 'build', '--symlink-install']
[0.591s] DEBUG:colcon:Parsed command line arguments: Namespace(log_base=None, log_level=None, verb_name='build', build_base='build', install_base='install', merge_install=False, symlink_install=True, test_result_base=None, continue_on_error=False, executor='parallel', parallel_workers=12, event_handlers=None, ignore_user_meta=False, metas=['./colcon.meta'], base_paths=['.'], packages_ignore=None, packages_ignore_regex=None, paths=None, packages_up_to=None, packages_up_to_regex=None, packages_above=None, packages_above_and_dependencies=None, packages_above_depth=None, packages_select_by_dep=None, packages_skip_by_dep=None, packages_skip_up_to=None, packages_select_build_failed=False, packages_skip_build_finished=False, packages_select_test_failures=False, packages_skip_test_passed=False, packages_select=None, packages_skip=None, packages_select_regex=None, packages_skip_regex=None, packages_start=None, packages_end=None, allow_overriding=[], cmake_args=None, cmake_target=None, cmake_target_skip_unavailable=False, cmake_clean_cache=False, cmake_clean_first=False, cmake_force_configure=False, ament_cmake_args=None, catkin_cmake_args=None, catkin_skip_building_tests=False, verb_parser=<colcon_defaults.argument_parser.defaults.DefaultArgumentsDecorator object at 0x7fcbc612a6e0>, verb_extension=<colcon_core.verb.build.BuildVerb object at 0x7fcbc62a7bb0>, main=<bound method BuildVerb.main of <colcon_core.verb.build.BuildVerb object at 0x7fcbc62a7bb0>>)
[0.986s] Level 1:colcon.colcon_core.package_discovery:discover_packages(colcon_meta) check parameters
[0.987s] Level 1:colcon.colcon_core.package_discovery:discover_packages(recursive) check parameters
[0.987s] Level 1:colcon.colcon_core.package_discovery:discover_packages(ignore) check parameters
[0.988s] Level 1:colcon.colcon_core.package_discovery:discover_packages(path) check parameters
[0.988s] Level 1:colcon.colcon_core.package_discovery:discover_packages(colcon_meta) discover
[0.989s] Level 1:colcon.colcon_core.package_discovery:discover_packages(recursive) discover
[0.990s] INFO:colcon.colcon_core.package_discovery:Crawling recursively for packages in '/mnt/c/Users/mojtaba.peyrovi_urla/personal_projects/ROS2-codealong/ros2_ws'
[0.993s] Level 1:colcon.colcon_core.package_identification:_identify(.) by extensions ['ignore', 'ignore_ament_install']
[0.994s] Level 1:colcon.colcon_core.package_identification:_identify(.) by extension 'ignore'
[0.995s] Level 1:colcon.colcon_core.package_identification:_identify(.) by extension 'ignore_ament_install'
[0.997s] Level 1:colcon.colcon_core.package_identification:_identify(.) by extensions ['colcon_pkg']
[0.997s] Level 1:colcon.colcon_core.package_identification:_identify(.) by extension 'colcon_pkg'
[0.998s] Level 1:colcon.colcon_core.package_identification:_identify(.) by extensions ['colcon_meta']
[0.999s] Level 1:colcon.colcon_core.package_identification:_identify(.) by extension 'colcon_meta'
[1.001s] Level 1:colcon.colcon_core.package_identification:_identify(.) by extensions ['ros']
[1.001s] Level 1:colcon.colcon_core.package_identification:_identify(.) by extension 'ros'
[1.058s] Level 1:colcon.colcon_core.package_identification:_identify(.) by extensions ['cmake', 'python']
[1.059s] Level 1:colcon.colcon_core.package_identification:_identify(.) by extension 'cmake'
[1.060s] Level 1:colcon.colcon_core.package_identification:_identify(.) by extension 'python'
[1.061s] Level 1:colcon.colcon_core.package_identification:_identify(.) by extensions ['python_setup_py']
[1.062s] Level 1:colcon.colcon_core.package_identification:_identify(.) by extension 'python_setup_py'
[1.070s] Level 1:colcon.colcon_core.package_identification:_identify(build) by extensions ['ignore', 'ignore_ament_install']
[1.070s] Level 1:colcon.colcon_core.package_identification:_identify(build) by extension 'ignore'
[1.074s] Level 1:colcon.colcon_core.package_identification:_identify(build) ignored
[1.080s] Level 1:colcon.colcon_core.package_identification:_identify(install) by extensions ['ignore', 'ignore_ament_install']
[1.081s] Level 1:colcon.colcon_core.package_identification:_identify(install) by extension 'ignore'
[1.084s] Level 1:colcon.colcon_core.package_identification:_identify(install) ignored
[1.093s] Level 1:colcon.colcon_core.package_identification:_identify(log) by extensions ['ignore', 'ignore_ament_install']
[1.094s] Level 1:colcon.colcon_core.package_identification:_identify(log) by extension 'ignore'
[1.097s] Level 1:colcon.colcon_core.package_identification:_identify(log) ignored
[1.103s] Level 1:colcon.colcon_core.package_identification:_identify(src) by extensions ['ignore', 'ignore_ament_install']
[1.104s] Level 1:colcon.colcon_core.package_identification:_identify(src) by extension 'ignore'
[1.106s] Level 1:colcon.colcon_core.package_identification:_identify(src) by extension 'ignore_ament_install'
[1.110s] Level 1:colcon.colcon_core.package_identification:_identify(src) by extensions ['colcon_pkg']
[1.110s] Level 1:colcon.colcon_core.package_identification:_identify(src) by extension 'colcon_pkg'
[1.112s] Level 1:colcon.colcon_core.package_identification:_identify(src) by extensions ['colcon_meta']
[1.113s] Level 1:colcon.colcon_core.package_identification:_identify(src) by extension 'colcon_meta'
[1.115s] Level 1:colcon.colcon_core.package_identification:_identify(src) by extensions ['ros']
[1.116s] Level 1:colcon.colcon_core.package_identification:_identify(src) by extension 'ros'
[1.126s] Level 1:colcon.colcon_core.package_identification:_identify(src) by extensions ['cmake', 'python']
[1.127s] Level 1:colcon.colcon_core.package_identification:_identify(src) by extension 'cmake'
[1.130s] Level 1:colcon.colcon_core.package_identification:_identify(src) by extension 'python'
[1.133s] Level 1:colcon.colcon_core.package_identification:_identify(src) by extensions ['python_setup_py']
[1.133s] Level 1:colcon.colcon_core.package_identification:_identify(src) by extension 'python_setup_py'
[1.147s] Level 1:colcon.colcon_core.package_identification:_identify(src/my_robot_controller) by extensions ['ignore', 'ignore_ament_install']
[1.149s] Level 1:colcon.colcon_core.package_identification:_identify(src/my_robot_controller) by extension 'ignore'
[1.152s] Level 1:colcon.colcon_core.package_identification:_identify(src/my_robot_controller) by extension 'ignore_ament_install'
[1.160s] Level 1:colcon.colcon_core.package_identification:_identify(src/my_robot_controller) by extensions ['colcon_pkg']
[1.161s] Level 1:colcon.colcon_core.package_identification:_identify(src/my_robot_controller) by extension 'colcon_pkg'
[1.166s] Level 1:colcon.colcon_core.package_identification:_identify(src/my_robot_controller) by extensions ['colcon_meta']
[-0.560s] Level 1:colcon.colcon_core.package_identification:_identify(src/my_robot_controller) by extension 'colcon_meta'
[-0.555s] Level 1:colcon.colcon_core.package_identification:_identify(src/my_robot_controller) by extensions ['ros']
[-0.555s] Level 1:colcon.colcon_core.package_identification:_identify(src/my_robot_controller) by extension 'ros'
[-0.519s] DEBUG:colcon.colcon_core.package_identification:Package 'src/my_robot_controller' with type 'ros.ament_python' and name 'my_robot_controller'
[-0.518s] Level 1:colcon.colcon_core.package_discovery:discover_packages(recursive) using defaults
[-0.517s] Level 1:colcon.colcon_core.package_discovery:discover_packages(ignore) discover
[-0.517s] Level 1:colcon.colcon_core.package_discovery:discover_packages(ignore) using defaults
[-0.516s] Level 1:colcon.colcon_core.package_discovery:discover_packages(path) discover
[-0.515s] Level 1:colcon.colcon_core.package_discovery:discover_packages(path) using defaults
[-0.365s] Level 1:colcon.colcon_core.package_discovery:discover_packages(prefix_path) check parameters
[-0.365s] Level 1:colcon.colcon_core.package_discovery:discover_packages(prefix_path) discover
[-0.230s] DEBUG:colcon.colcon_installed_package_information.package_discovery:Found 1 installed packages in /mnt/c/Users/mojtaba.peyrovi_urla/personal_projects/ROS2-codealong/ros2_ws/install
[-0.225s] DEBUG:colcon.colcon_installed_package_information.package_discovery:Found 271 installed packages in /opt/ros/humble
[-0.220s] Level 1:colcon.colcon_core.package_discovery:discover_packages(prefix_path) using defaults
[-0.104s] Level 5:colcon.colcon_core.verb:set package 'my_robot_controller' build argument 'cmake_args' from command line to 'None'
[-0.103s] Level 5:colcon.colcon_core.verb:set package 'my_robot_controller' build argument 'cmake_target' from command line to 'None'
[-0.102s] Level 5:colcon.colcon_core.verb:set package 'my_robot_controller' build argument 'cmake_target_skip_unavailable' from command line to 'False'
[-0.102s] Level 5:colcon.colcon_core.verb:set package 'my_robot_controller' build argument 'cmake_clean_cache' from command line to 'False'
[-0.102s] Level 5:colcon.colcon_core.verb:set package 'my_robot_controller' build argument 'cmake_clean_first' from command line to 'False'
[-0.101s] Level 5:colcon.colcon_core.verb:set package 'my_robot_controller' build argument 'cmake_force_configure' from command line to 'False'
[-0.101s] Level 5:colcon.colcon_core.verb:set package 'my_robot_controller' build argument 'ament_cmake_args' from command line to 'None'
[-0.101s] Level 5:colcon.colcon_core.verb:set package 'my_robot_controller' build argument 'catkin_cmake_args' from command line to 'None'
[-0.100s] Level 5:colcon.colcon_core.verb:set package 'my_robot_controller' build argument 'catkin_skip_building_tests' from command line to 'False'
[-0.100s] DEBUG:colcon.colcon_core.verb:Building package 'my_robot_controller' with the following arguments: {'ament_cmake_args': None, 'build_base': '/mnt/c/Users/mojtaba.peyrovi_urla/personal_projects/ROS2-codealong/ros2_ws/build/my_robot_controller', 'catkin_cmake_args': None, 'catkin_skip_building_tests': False, 'cmake_args': None, 'cmake_clean_cache': False, 'cmake_clean_first': False, 'cmake_force_configure': False, 'cmake_target': None, 'cmake_target_skip_unavailable': False, 'install_base': '/mnt/c/Users/mojtaba.peyrovi_urla/personal_projects/ROS2-codealong/ros2_ws/install/my_robot_controller', 'merge_install': False, 'path': '/mnt/c/Users/mojtaba.peyrovi_urla/personal_projects/ROS2-codealong/ros2_ws/src/my_robot_controller', 'symlink_install': True, 'test_result_base': None}
[-0.100s] INFO:colcon.colcon_core.executor:Executing jobs using 'parallel' executor
[-0.096s] DEBUG:colcon.colcon_parallel_executor.executor.parallel:run_until_complete
[-0.094s] INFO:colcon.colcon_ros.task.ament_python.build:Building ROS package in '/mnt/c/Users/mojtaba.peyrovi_urla/personal_projects/ROS2-codealong/ros2_ws/src/my_robot_controller' with build type 'ament_python'
[-0.093s] Level 1:colcon.colcon_core.shell:create_environment_hook('my_robot_controller', 'ament_prefix_path')
[-0.076s] INFO:colcon.colcon_core.plugin_system:Skipping extension 'colcon_core.shell.bat': Not used on non-Windows systems
[-0.075s] INFO:colcon.colcon_core.shell:Creating environment hook '/mnt/c/Users/mojtaba.peyrovi_urla/personal_projects/ROS2-codealong/ros2_ws/install/my_robot_controller/share/my_robot_controller/hook/ament_prefix_path.ps1'
[-0.053s] INFO:colcon.colcon_core.shell:Creating environment descriptor '/mnt/c/Users/mojtaba.peyrovi_urla/personal_projects/ROS2-codealong/ros2_ws/install/my_robot_controller/share/my_robot_controller/hook/ament_prefix_path.dsv'
[-0.033s] INFO:colcon.colcon_core.shell:Creating environment hook '/mnt/c/Users/mojtaba.peyrovi_urla/personal_projects/ROS2-codealong/ros2_ws/install/my_robot_controller/share/my_robot_controller/hook/ament_prefix_path.sh'
[0.032s] INFO:colcon.colcon_core.shell:Skip shell extension 'powershell' for command environment: Not usable outside of PowerShell
[0.033s] DEBUG:colcon.colcon_core.shell:Skip shell extension 'dsv' for command environment
[1.042s] INFO:colcon.colcon_core.task.python.build:Building Python package in '/mnt/c/Users/mojtaba.peyrovi_urla/personal_projects/ROS2-codealong/ros2_ws/src/my_robot_controller'
[1.043s] INFO:colcon.colcon_core.shell:Skip shell extension 'powershell' for command environment: Not usable outside of PowerShell
[1.043s] DEBUG:colcon.colcon_core.shell:Skip shell extension 'dsv' for command environment
[2.989s] DEBUG:colcon.colcon_core.task.python.build:While undoing a previous installation files outside the Python library path are being ignored: /mnt/c/Users/mojtaba.peyrovi_urla/personal_projects/ROS2-codealong/ros2_ws/install/my_robot_controller/share/ament_index/resource_index/packages/my_robot_controller
[2.993s] DEBUG:colcon.colcon_core.task.python.build:While undoing a previous installation files outside the Python library path are being ignored: /mnt/c/Users/mojtaba.peyrovi_urla/personal_projects/ROS2-codealong/ros2_ws/install/my_robot_controller/share/my_robot_controller/package.xml
[3.120s] DEBUG:colcon.colcon_core.task.python.build:While undoing a previous installation files outside the Python library path are being ignored: /mnt/c/Users/mojtaba.peyrovi_urla/personal_projects/ROS2-codealong/ros2_ws/install/my_robot_controller/lib/my_robot_controller/test_node
[3.397s] DEBUG:colcon.colcon_core.event_handler.log_command:Invoking command in '/mnt/c/Users/mojtaba.peyrovi_urla/personal_projects/ROS2-codealong/ros2_ws/build/my_robot_controller': PYTHONPATH=/mnt/c/Users/mojtaba.peyrovi_urla/personal_projects/ROS2-codealong/ros2_ws/build/my_robot_controller/prefix_override:/usr/lib/python3/dist-packages/colcon_core/task/python/colcon_distutils_commands:/mnt/c/Users/mojtaba.peyrovi_urla/personal_projects/ROS2-codealong/ros2_ws/install/my_robot_controller/lib/python3.10/site-packages:${PYTHONPATH} /usr/bin/python3 -W ignore:setup.py install is deprecated -W ignore:easy_install command is deprecated setup.py develop --editable --build-directory /mnt/c/Users/mojtaba.peyrovi_urla/personal_projects/ROS2-codealong/ros2_ws/build/my_robot_controller/build --no-deps symlink_data --force
[6.047s] Level 1:colcon.colcon_core.shell:create_environment_hook('my_robot_controller', 'pythonpath_develop')
[6.048s] INFO:colcon.colcon_core.shell:Creating environment hook '/mnt/c/Users/mojtaba.peyrovi_urla/personal_projects/ROS2-codealong/ros2_ws/build/my_robot_controller/share/my_robot_controller/hook/pythonpath_develop.ps1'
[6.050s] DEBUG:colcon.colcon_core.event_handler.log_command:Invoked command in '/mnt/c/Users/mojtaba.peyrovi_urla/personal_projects/ROS2-codealong/ros2_ws/build/my_robot_controller' returned '0': PYTHONPATH=/mnt/c/Users/mojtaba.peyrovi_urla/personal_projects/ROS2-codealong/ros2_ws/build/my_robot_controller/prefix_override:/usr/lib/python3/dist-packages/colcon_core/task/python/colcon_distutils_commands:/mnt/c/Users/mojtaba.peyrovi_urla/personal_projects/ROS2-codealong/ros2_ws/install/my_robot_controller/lib/python3.10/site-packages:${PYTHONPATH} /usr/bin/python3 -W ignore:setup.py install is deprecated -W ignore:easy_install command is deprecated setup.py develop --editable --build-directory /mnt/c/Users/mojtaba.peyrovi_urla/personal_projects/ROS2-codealong/ros2_ws/build/my_robot_controller/build --no-deps symlink_data --force
[6.078s] INFO:colcon.colcon_core.shell:Creating environment descriptor '/mnt/c/Users/mojtaba.peyrovi_urla/personal_projects/ROS2-codealong/ros2_ws/build/my_robot_controller/share/my_robot_controller/hook/pythonpath_develop.dsv'
[6.099s] INFO:colcon.colcon_core.shell:Creating environment hook '/mnt/c/Users/mojtaba.peyrovi_urla/personal_projects/ROS2-codealong/ros2_ws/build/my_robot_controller/share/my_robot_controller/hook/pythonpath_develop.sh'
[6.137s] Level 1:colcon.colcon_core.environment:checking '/mnt/c/Users/mojtaba.peyrovi_urla/personal_projects/ROS2-codealong/ros2_ws/install/my_robot_controller' for CMake module files
[6.231s] Level 1:colcon.colcon_core.environment:checking '/mnt/c/Users/mojtaba.peyrovi_urla/personal_projects/ROS2-codealong/ros2_ws/install/my_robot_controller' for CMake config files
[6.340s] Level 1:colcon.colcon_core.environment:checking '/mnt/c/Users/mojtaba.peyrovi_urla/personal_projects/ROS2-codealong/ros2_ws/install/my_robot_controller/lib'
[6.348s] Level 1:colcon.colcon_core.environment:checking '/mnt/c/Users/mojtaba.peyrovi_urla/personal_projects/ROS2-codealong/ros2_ws/install/my_robot_controller/bin'
[6.351s] Level 1:colcon.colcon_core.environment:checking '/mnt/c/Users/mojtaba.peyrovi_urla/personal_projects/ROS2-codealong/ros2_ws/install/my_robot_controller/lib/pkgconfig/my_robot_controller.pc'
[6.354s] Level 1:colcon.colcon_core.environment:checking '/mnt/c/Users/mojtaba.peyrovi_urla/personal_projects/ROS2-codealong/ros2_ws/install/my_robot_controller/lib/python3.10/site-packages'
[6.360s] Level 1:colcon.colcon_core.shell:create_environment_hook('my_robot_controller', 'pythonpath')
[6.360s] INFO:colcon.colcon_core.shell:Creating environment hook '/mnt/c/Users/mojtaba.peyrovi_urla/personal_projects/ROS2-codealong/ros2_ws/install/my_robot_controller/share/my_robot_controller/hook/pythonpath.ps1'
[6.385s] INFO:colcon.colcon_core.shell:Creating environment descriptor '/mnt/c/Users/mojtaba.peyrovi_urla/personal_projects/ROS2-codealong/ros2_ws/install/my_robot_controller/share/my_robot_controller/hook/pythonpath.dsv'
[6.403s] INFO:colcon.colcon_core.shell:Creating environment hook '/mnt/c/Users/mojtaba.peyrovi_urla/personal_projects/ROS2-codealong/ros2_ws/install/my_robot_controller/share/my_robot_controller/hook/pythonpath.sh'
[6.426s] Level 1:colcon.colcon_core.environment:checking '/mnt/c/Users/mojtaba.peyrovi_urla/personal_projects/ROS2-codealong/ros2_ws/install/my_robot_controller/bin'
[6.428s] Level 1:colcon.colcon_core.environment:create_environment_scripts_only(my_robot_controller)
[6.429s] INFO:colcon.colcon_core.shell:Creating package script '/mnt/c/Users/mojtaba.peyrovi_urla/personal_projects/ROS2-codealong/ros2_ws/install/my_robot_controller/share/my_robot_controller/package.ps1'
[6.472s] INFO:colcon.colcon_core.shell:Creating package descriptor '/mnt/c/Users/mojtaba.peyrovi_urla/personal_projects/ROS2-codealong/ros2_ws/install/my_robot_controller/share/my_robot_controller/package.dsv'
[6.489s] INFO:colcon.colcon_core.shell:Creating package script '/mnt/c/Users/mojtaba.peyrovi_urla/personal_projects/ROS2-codealong/ros2_ws/install/my_robot_controller/share/my_robot_controller/package.sh'
[6.515s] INFO:colcon.colcon_core.shell:Creating package script '/mnt/c/Users/mojtaba.peyrovi_urla/personal_projects/ROS2-codealong/ros2_ws/install/my_robot_controller/share/my_robot_controller/package.bash'
[6.532s] INFO:colcon.colcon_core.shell:Creating package script '/mnt/c/Users/mojtaba.peyrovi_urla/personal_projects/ROS2-codealong/ros2_ws/install/my_robot_controller/share/my_robot_controller/package.zsh'
[6.548s] Level 1:colcon.colcon_core.environment:create_file_with_runtime_dependencies(/mnt/c/Users/mojtaba.peyrovi_urla/personal_projects/ROS2-codealong/ros2_ws/install/my_robot_controller/share/colcon-core/packages/my_robot_controller)
[6.564s] DEBUG:colcon.colcon_parallel_executor.executor.parallel:closing loop
[6.565s] DEBUG:colcon.colcon_parallel_executor.executor.parallel:loop closed
[6.566s] DEBUG:colcon.colcon_parallel_executor.executor.parallel:run_until_complete finished with '0'
[6.566s] DEBUG:colcon.colcon_core.event_reactor:joining thread
[6.657s] INFO:colcon.colcon_core.plugin_system:Skipping extension 'colcon_notification.desktop_notification.notify_send': Could not find 'notify-send'
[6.657s] INFO:colcon.colcon_core.plugin_system:Skipping extension 'colcon_notification.desktop_notification.terminal_notifier': Not used on non-Darwin systems
[6.658s] INFO:colcon.colcon_core.plugin_system:Skipping extension 'colcon_notification.desktop_notification.win32': Not used on non-Windows systems
[6.658s] INFO:colcon.colcon_notification.desktop_notification:Sending desktop notification using 'notify2'
[6.660s] DEBUG:colcon.colcon_notification.desktop_notification.notify2:Failed to initialize notify2: org.freedesktop.DBus.Error.FileNotFound: Failed to connect to socket /run/user/1000/bus: No such file or directory
[6.661s] DEBUG:colcon.colcon_core.event_reactor:joined thread
[6.662s] INFO:colcon.colcon_core.shell:Creating prefix script '/mnt/c/Users/mojtaba.peyrovi_urla/personal_projects/ROS2-codealong/ros2_ws/install/local_setup.ps1'
[6.674s] INFO:colcon.colcon_core.shell:Creating prefix util module '/mnt/c/Users/mojtaba.peyrovi_urla/personal_projects/ROS2-codealong/ros2_ws/install/_local_setup_util_ps1.py'
[6.682s] INFO:colcon.colcon_core.shell:Creating prefix chain script '/mnt/c/Users/mojtaba.peyrovi_urla/personal_projects/ROS2-codealong/ros2_ws/install/setup.ps1'
[6.704s] INFO:colcon.colcon_core.shell:Creating prefix script '/mnt/c/Users/mojtaba.peyrovi_urla/personal_projects/ROS2-codealong/ros2_ws/install/local_setup.sh'
[6.748s] INFO:colcon.colcon_core.shell:Creating prefix util module '/mnt/c/Users/mojtaba.peyrovi_urla/personal_projects/ROS2-codealong/ros2_ws/install/_local_setup_util_sh.py'
[6.759s] INFO:colcon.colcon_core.shell:Creating prefix chain script '/mnt/c/Users/mojtaba.peyrovi_urla/personal_projects/ROS2-codealong/ros2_ws/install/setup.sh'
[6.786s] INFO:colcon.colcon_core.shell:Creating prefix script '/mnt/c/Users/mojtaba.peyrovi_urla/personal_projects/ROS2-codealong/ros2_ws/install/local_setup.bash'
[6.794s] INFO:colcon.colcon_core.shell:Creating prefix chain script '/mnt/c/Users/mojtaba.peyrovi_urla/personal_projects/ROS2-codealong/ros2_ws/install/setup.bash'
[6.810s] INFO:colcon.colcon_core.shell:Creating prefix script '/mnt/c/Users/mojtaba.peyrovi_urla/personal_projects/ROS2-codealong/ros2_ws/install/local_setup.zsh'
[6.817s] INFO:colcon.colcon_core.shell:Creating prefix chain script '/mnt/c/Users/mojtaba.peyrovi_urla/personal_projects/ROS2-codealong/ros2_ws/install/setup.zsh'
