[6.840s] Invoking command in '/mnt/c/Users/mojtaba.peyrovi_urla/personal_projects/ROS2-codealong/ros2_ws/src/my_robot_controller': PYTHONPATH=/mnt/c/Users/mojtaba.peyrovi_urla/personal_projects/ROS2-codealong/build/my_robot_controller/prefix_override:/usr/lib/python3/dist-packages/colcon_core/task/python/colcon_distutils_commands:/mnt/c/Users/mojtaba.peyrovi_urla/personal_projects/ROS2-codealong/install/my_robot_controller/lib/python3.10/site-packages:${PYTHONPATH} /usr/bin/python3 -W ignore:setup.py install is deprecated -W ignore:easy_install command is deprecated setup.py egg_info --egg-base ../../../build/my_robot_controller build --build-base /mnt/c/Users/mojtaba.peyrovi_urla/personal_projects/ROS2-codealong/build/my_robot_controller/build install --record /mnt/c/Users/mojtaba.peyrovi_urla/personal_projects/ROS2-codealong/build/my_robot_controller/install.log --single-version-externally-managed install_data
[9.553s] running egg_info
[9.566s] writing ../../../build/my_robot_controller/my_robot_controller.egg-info/PKG-INFO
[9.577s] writing dependency_links to ../../../build/my_robot_controller/my_robot_controller.egg-info/dependency_links.txt
[9.587s] writing entry points to ../../../build/my_robot_controller/my_robot_controller.egg-info/entry_points.txt
[9.595s] writing requirements to ../../../build/my_robot_controller/my_robot_controller.egg-info/requires.txt
[9.601s] writing top-level names to ../../../build/my_robot_controller/my_robot_controller.egg-info/top_level.txt
[9.673s] reading manifest file '../../../build/my_robot_controller/my_robot_controller.egg-info/SOURCES.txt'
[9.849s] writing manifest file '../../../build/my_robot_controller/my_robot_controller.egg-info/SOURCES.txt'
[9.860s] running build
[9.862s] running build_py
[9.930s] running install
[9.932s] running install_lib
[10.142s] running install_data
[10.225s] running install_egg_info
[10.261s] removing '/mnt/c/Users/mojtaba.peyrovi_urla/personal_projects/ROS2-codealong/install/my_robot_controller/lib/python3.10/site-packages/my_robot_controller-0.0.0-py3.10.egg-info' (and everything under it)
[10.397s] Copying ../../../build/my_robot_controller/my_robot_controller.egg-info to /mnt/c/Users/mojtaba.peyrovi_urla/personal_projects/ROS2-codealong/install/my_robot_controller/lib/python3.10/site-packages/my_robot_controller-0.0.0-py3.10.egg-info
[11.023s] running install_scripts
[11.146s] Installing test_node script to /mnt/c/Users/mojtaba.peyrovi_urla/personal_projects/ROS2-codealong/install/my_robot_controller/lib/my_robot_controller
[11.163s] writing list of installed files to '/mnt/c/Users/mojtaba.peyrovi_urla/personal_projects/ROS2-codealong/build/my_robot_controller/install.log'
[11.204s] Invoked command in '/mnt/c/Users/mojtaba.peyrovi_urla/personal_projects/ROS2-codealong/ros2_ws/src/my_robot_controller' returned '0': PYTHONPATH=/mnt/c/Users/mojtaba.peyrovi_urla/personal_projects/ROS2-codealong/build/my_robot_controller/prefix_override:/usr/lib/python3/dist-packages/colcon_core/task/python/colcon_distutils_commands:/mnt/c/Users/mojtaba.peyrovi_urla/personal_projects/ROS2-codealong/install/my_robot_controller/lib/python3.10/site-packages:${PYTHONPATH} /usr/bin/python3 -W ignore:setup.py install is deprecated -W ignore:easy_install command is deprecated setup.py egg_info --egg-base ../../../build/my_robot_controller build --build-base /mnt/c/Users/mojtaba.peyrovi_urla/personal_projects/ROS2-codealong/build/my_robot_controller/build install --record /mnt/c/Users/mojtaba.peyrovi_urla/personal_projects/ROS2-codealong/build/my_robot_controller/install.log --single-version-externally-managed install_data
